#
# There is insufficient memory for the Java Runtime Environment to continue.
# Native memory allocation (malloc) failed to allocate 2210736 bytes for Chunk::new
# Possible reasons:
#   The system is out of physical RAM or swap space
#   In 32 bit mode, the process size limit was hit
# Possible solutions:
#   Reduce memory load on the system
#   Increase physical memory or swap space
#   Check if swap backing store is full
#   Use 64 bit Java on a 64 bit OS
#   Decrease Java heap size (-Xmx/-Xms)
#   Decrease number of Java threads
#   Decrease Java thread stack sizes (-Xss)
#   Set larger code cache with -XX:ReservedCodeCacheSize=
# This output file may be truncated or incomplete.
#
#  Out of Memory Error (allocation.cpp:390), pid=6256, tid=0x0000000000003280
#
# JRE version: Java(TM) SE Runtime Environment (8.0_131-b11) (build 1.8.0_131-b11)
# Java VM: Java HotSpot(TM) 64-Bit Server VM (25.131-b11 mixed mode windows-amd64 compressed oops)
# Failed to write core dump. Minidumps are not enabled by default on client versions of Windows
#

---------------  T H R E A D  ---------------

Current thread (0x0000000017797000):  JavaThread "C2 CompilerThread1" daemon [_thread_in_native, id=12928, stack(0x0000000018dc0000,0x0000000018ec0000)]

Stack: [0x0000000018dc0000,0x0000000018ec0000]
[error occurred during error reporting (printing stack bounds), id 0xc0000005]

Native frames: (J=compiled Java code, j=interpreted, Vv=VM code, C=native code)


Current CompileTask:
C2: 217120 2561       4       com.android.dx.dex.cf.CfTranslator::translate0 (259 bytes)


---------------  P R O C E S S  ---------------

Java Threads: ( => current thread )
  0x00000000192cf800 JavaThread "pool-2-thread-1" [_thread_blocked, id=8164, stack(0x00000000196c0000,0x00000000197c0000)]
  0x000000001925c800 JavaThread "pool-1-thread-1" [_thread_blocked, id=7904, stack(0x00000000195c0000,0x00000000196c0000)]
  0x000000001902c800 JavaThread "Service Thread" daemon [_thread_blocked, id=11300, stack(0x00000000193c0000,0x00000000194c0000)]
  0x000000001779a000 JavaThread "C1 CompilerThread2" daemon [_thread_blocked, id=12604, stack(0x0000000018ec0000,0x0000000018fc0000)]
=>0x0000000017797000 JavaThread "C2 CompilerThread1" daemon [_thread_in_native, id=12928, stack(0x0000000018dc0000,0x0000000018ec0000)]
  0x0000000017794000 JavaThread "C2 CompilerThread0" daemon [_thread_in_native, id=2408, stack(0x0000000018cc0000,0x0000000018dc0000)]
  0x0000000017792800 JavaThread "Attach Listener" daemon [_thread_blocked, id=6620, stack(0x0000000018bc0000,0x0000000018cc0000)]
  0x000000000515e800 JavaThread "Signal Dispatcher" daemon [_thread_blocked, id=7628, stack(0x0000000018ac0000,0x0000000018bc0000)]
  0x0000000005159000 JavaThread "Finalizer" daemon [_thread_blocked, id=5444, stack(0x00000000189c0000,0x0000000018ac0000)]
  0x0000000005153000 JavaThread "Reference Handler" daemon [_thread_blocked, id=8668, stack(0x00000000188c0000,0x00000000189c0000)]
  0x0000000005062800 JavaThread "main" [_thread_in_native, id=7844, stack(0x0000000004b20000,0x0000000004c20000)]

Other Threads:
  0x0000000017706800 VMThread [stack: 0x00000000187c0000,0x00000000188c0000] [id=9320]
  0x000000001909f000 WatcherThread [stack: 0x00000000194c0000,0x00000000195c0000] [id=5716]

VM state:not at safepoint (normal execution)

VM Mutex/Monitor currently owned by a thread: None

Heap:
 PSYoungGen      total 224256K, used 122504K [0x00000000eb380000, 0x0000000100000000, 0x0000000100000000)
  eden space 172544K, 41% used [0x00000000eb380000,0x00000000ef8a9cf8,0x00000000f5c00000)
  from space 51712K, 99% used [0x00000000f5c00000,0x00000000f8e786e8,0x00000000f8e80000)
  to   space 105984K, 0% used [0x00000000f9880000,0x00000000f9880000,0x0000000100000000)
 ParOldGen       total 681472K, used 211294K [0x00000000c1a00000, 0x00000000eb380000, 0x00000000eb380000)
  object space 681472K, 31% used [0x00000000c1a00000,0x00000000ce8578f8,0x00000000eb380000)
 Metaspace       used 6821K, capacity 7352K, committed 7680K, reserved 1056768K
  class space    used 648K, capacity 688K, committed 768K, reserved 1048576K

Card table byte_map: [0x0000000014520000,0x0000000014720000] byte_map_base: 0x0000000013f13000

Marking Bits: (ParMarkBitMap*) 0x000000006f37c720
 Begin Bits: [0x0000000014c70000, 0x0000000015c08000)
 End Bits:   [0x0000000015c08000, 0x0000000016ba0000)

Polling page: 0x0000000002d30000

CodeCache: size=245760Kb used=10378Kb max_used=10944Kb free=235381Kb
 bounds [0x0000000005160000, 0x0000000005cc0000, 0x0000000014160000]
 total_blobs=2427 nmethods=2154 adapters=185
 compilation: enabled

Compilation events (10 events):
Event: 216.761 Thread 0x0000000017794000 nmethod 2590 0x00000000057a3c90 code [0x00000000057a3ee0, 0x00000000057a44e8]
Event: 216.761 Thread 0x0000000017794000 2593   !   4       com.android.dx.cf.cst.ConstantPoolParser::determineOffsets (285 bytes)
Event: 216.765 Thread 0x0000000017794000 nmethod 2593 0x0000000005586050 code [0x0000000005586280, 0x00000000055865f8]
Event: 216.765 Thread 0x0000000017794000 2601       4       com.android.dx.ssa.back.SsaToRop::moveParametersToHighRegisters (88 bytes)
Event: 216.789 Thread 0x0000000017794000 nmethod 2601 0x0000000005421bd0 code [0x0000000005421d80, 0x0000000005422b48]
Event: 216.789 Thread 0x0000000017794000 2606       4       com.android.dx.ssa.back.FirstFitLocalCombiningAllocator::handleCheckCastResults (413 bytes)
Event: 216.980 Thread 0x000000001779a000 2612 % !   3       com.android.dx.cf.code.RopperMachine::run @ 247 (1550 bytes)
Event: 217.000 Thread 0x000000001779a000 nmethod 2612% 0x0000000005c96350 code [0x0000000005c97580, 0x0000000005ca63a8]
Event: 217.094 Thread 0x000000001779a000 2617       2       com.android.dx.cf.code.Frame::makeExceptionHandlerStartFrame (34 bytes)
Event: 217.095 Thread 0x000000001779a000 nmethod 2617 0x0000000005413910 code [0x0000000005413aa0, 0x0000000005413cf8]

GC Heap History (10 events):
Event: 213.183 GC heap before
{Heap before GC invocations=561 (full 549):
 PSYoungGen      total 206336K, used 172544K [0x00000000eb380000, 0x00000000fea80000, 0x0000000100000000)
  eden space 172544K, 100% used [0x00000000eb380000,0x00000000f5c00000,0x00000000f5c00000)
  from space 33792K, 0% used [0x00000000f8e80000,0x00000000f8e80000,0x00000000faf80000)
  to   space 51712K, 0% used [0x00000000f5c00000,0x00000000f5c00000,0x00000000f8e80000)
 ParOldGen       total 88576K, used 88565K [0x00000000c1a00000, 0x00000000c7080000, 0x00000000eb380000)
  object space 88576K, 99% used [0x00000000c1a00000,0x00000000c707d610,0x00000000c7080000)
 Metaspace       used 6813K, capacity 7352K, committed 7680K, reserved 1056768K
  class space    used 648K, capacity 688K, committed 768K, reserved 1048576K
Event: 213.522 GC heap after
Heap after GC invocations=561 (full 549):
 PSYoungGen      total 206336K, used 172543K [0x00000000eb380000, 0x00000000fea80000, 0x0000000100000000)
  eden space 172544K, 99% used [0x00000000eb380000,0x00000000f5bffe18,0x00000000f5c00000)
  from space 33792K, 0% used [0x00000000f8e80000,0x00000000f8e80000,0x00000000faf80000)
  to   space 51712K, 0% used [0x00000000f5c00000,0x00000000f5c00000,0x00000000f8e80000)
 ParOldGen       total 88576K, used 88565K [0x00000000c1a00000, 0x00000000c7080000, 0x00000000eb380000)
  object space 88576K, 99% used [0x00000000c1a00000,0x00000000c707d610,0x00000000c7080000)
 Metaspace       used 6813K, capacity 7352K, committed 7680K, reserved 1056768K
  class space    used 648K, capacity 688K, committed 768K, reserved 1048576K
}
Event: 213.522 GC heap before
{Heap before GC invocations=562 (full 550):
 PSYoungGen      total 206336K, used 172544K [0x00000000eb380000, 0x00000000fea80000, 0x0000000100000000)
  eden space 172544K, 100% used [0x00000000eb380000,0x00000000f5c00000,0x00000000f5c00000)
  from space 33792K, 0% used [0x00000000f8e80000,0x00000000f8e80000,0x00000000faf80000)
  to   space 51712K, 0% used [0x00000000f5c00000,0x00000000f5c00000,0x00000000f8e80000)
 ParOldGen       total 88576K, used 88565K [0x00000000c1a00000, 0x00000000c7080000, 0x00000000eb380000)
  object space 88576K, 99% used [0x00000000c1a00000,0x00000000c707d610,0x00000000c7080000)
 Metaspace       used 6813K, capacity 7352K, committed 7680K, reserved 1056768K
  class space    used 648K, capacity 688K, committed 768K, reserved 1048576K
Event: 213.918 GC heap after
Heap after GC invocations=562 (full 550):
 PSYoungGen      total 206336K, used 172543K [0x00000000eb380000, 0x00000000fea80000, 0x0000000100000000)
  eden space 172544K, 99% used [0x00000000eb380000,0x00000000f5bffeb8,0x00000000f5c00000)
  from space 33792K, 0% used [0x00000000f8e80000,0x00000000f8e80000,0x00000000faf80000)
  to   space 51712K, 0% used [0x00000000f5c00000,0x00000000f5c00000,0x00000000f8e80000)
 ParOldGen       total 88576K, used 88565K [0x00000000c1a00000, 0x00000000c7080000, 0x00000000eb380000)
  object space 88576K, 99% used [0x00000000c1a00000,0x00000000c707d610,0x00000000c7080000)
 Metaspace       used 6813K, capacity 7352K, committed 7680K, reserved 1056768K
  class space    used 648K, capacity 688K, committed 768K, reserved 1048576K
}
Event: 213.919 GC heap before
{Heap before GC invocations=563 (full 551):
 PSYoungGen      total 206336K, used 172544K [0x00000000eb380000, 0x00000000fea80000, 0x0000000100000000)
  eden space 172544K, 100% used [0x00000000eb380000,0x00000000f5c00000,0x00000000f5c00000)
  from space 33792K, 0% used [0x00000000f8e80000,0x00000000f8e80000,0x00000000faf80000)
  to   space 51712K, 0% used [0x00000000f5c00000,0x00000000f5c00000,0x00000000f8e80000)
 ParOldGen       total 88576K, used 88565K [0x00000000c1a00000, 0x00000000c7080000, 0x00000000eb380000)
  object space 88576K, 99% used [0x00000000c1a00000,0x00000000c707d610,0x00000000c7080000)
 Metaspace       used 6813K, capacity 7352K, committed 7680K, reserved 1056768K
  class space    used 648K, capacity 688K, committed 768K, reserved 1048576K
Event: 214.296 GC heap after
Heap after GC invocations=563 (full 551):
 PSYoungGen      total 206336K, used 172543K [0x00000000eb380000, 0x00000000fea80000, 0x0000000100000000)
  eden space 172544K, 99% used [0x00000000eb380000,0x00000000f5bffea0,0x00000000f5c00000)
  from space 33792K, 0% used [0x00000000f8e80000,0x00000000f8e80000,0x00000000faf80000)
  to   space 51712K, 0% used [0x00000000f5c00000,0x00000000f5c00000,0x00000000f8e80000)
 ParOldGen       total 88576K, used 88565K [0x00000000c1a00000, 0x00000000c7080000, 0x00000000eb380000)
  object space 88576K, 99% used [0x00000000c1a00000,0x00000000c707d610,0x00000000c7080000)
 Metaspace       used 6813K, capacity 7352K, committed 7680K, reserved 1056768K
  class space    used 648K, capacity 688K, committed 768K, reserved 1048576K
}
Event: 214.297 GC heap before
{Heap before GC invocations=564 (full 552):
 PSYoungGen      total 206336K, used 172544K [0x00000000eb380000, 0x00000000fea80000, 0x0000000100000000)
  eden space 172544K, 100% used [0x00000000eb380000,0x00000000f5c00000,0x00000000f5c00000)
  from space 33792K, 0% used [0x00000000f8e80000,0x00000000f8e80000,0x00000000faf80000)
  to   space 51712K, 0% used [0x00000000f5c00000,0x00000000f5c00000,0x00000000f8e80000)
 ParOldGen       total 88576K, used 88565K [0x00000000c1a00000, 0x00000000c7080000, 0x00000000eb380000)
  object space 88576K, 99% used [0x00000000c1a00000,0x00000000c707d610,0x00000000c7080000)
 Metaspace       used 6813K, capacity 7352K, committed 7680K, reserved 1056768K
  class space    used 648K, capacity 688K, committed 768K, reserved 1048576K
Event: 214.704 GC heap after
Heap after GC invocations=564 (full 552):
 PSYoungGen      total 206336K, used 172543K [0x00000000eb380000, 0x00000000fea80000, 0x0000000100000000)
  eden space 172544K, 99% used [0x00000000eb380000,0x00000000f5bfff60,0x00000000f5c00000)
  from space 33792K, 0% used [0x00000000f8e80000,0x00000000f8e80000,0x00000000faf80000)
  to   space 51712K, 0% used [0x00000000f5c00000,0x00000000f5c00000,0x00000000f8e80000)
 ParOldGen       total 681472K, used 88565K [0x00000000c1a00000, 0x00000000eb380000, 0x00000000eb380000)
  object space 681472K, 12% used [0x00000000c1a00000,0x00000000c707d610,0x00000000eb380000)
 Metaspace       used 6813K, capacity 7352K, committed 7680K, reserved 1056768K
  class space    used 648K, capacity 688K, committed 768K, reserved 1048576K
}
Event: 214.704 GC heap before
{Heap before GC invocations=565 (full 552):
 PSYoungGen      total 206336K, used 172543K [0x00000000eb380000, 0x00000000fea80000, 0x0000000100000000)
  eden space 172544K, 99% used [0x00000000eb380000,0x00000000f5bffff8,0x00000000f5c00000)
  from space 33792K, 0% used [0x00000000f8e80000,0x00000000f8e80000,0x00000000faf80000)
  to   space 51712K, 0% used [0x00000000f5c00000,0x00000000f5c00000,0x00000000f8e80000)
 ParOldGen       total 681472K, used 88565K [0x00000000c1a00000, 0x00000000eb380000, 0x00000000eb380000)
  object space 681472K, 12% used [0x00000000c1a00000,0x00000000c707d610,0x00000000eb380000)
 Metaspace       used 6813K, capacity 7352K, committed 7680K, reserved 1056768K
  class space    used 648K, capacity 688K, committed 768K, reserved 1048576K
Event: 214.913 GC heap after
Heap after GC invocations=565 (full 552):
 PSYoungGen      total 224256K, used 51681K [0x00000000eb380000, 0x0000000100000000, 0x0000000100000000)
  eden space 172544K, 0% used [0x00000000eb380000,0x00000000eb380000,0x00000000f5c00000)
  from space 51712K, 99% used [0x00000000f5c00000,0x00000000f8e786e8,0x00000000f8e80000)
  to   space 105984K, 0% used [0x00000000f9880000,0x00000000f9880000,0x0000000100000000)
 ParOldGen       total 681472K, used 211294K [0x00000000c1a00000, 0x00000000eb380000, 0x00000000eb380000)
  object space 681472K, 31% used [0x00000000c1a00000,0x00000000ce8578f8,0x00000000eb380000)
 Metaspace       used 6813K, capacity 7352K, committed 7680K, reserved 1056768K
  class space    used 648K, capacity 688K, committed 768K, reserved 1048576K
}

Deoptimization events (10 events):
Event: 3.506 Thread 0x0000000005062800 Uncommon trap: reason=unstable_if action=reinterpret pc=0x0000000005452d90 method=com.android.dx.ssa.SsaMethod.getExitBlock()Lcom/android/dx/ssa/SsaBasicBlock; @ 4
Event: 3.600 Thread 0x000000001925c800 Uncommon trap: reason=unstable_if action=reinterpret pc=0x00000000058d6d18 method=java.util.HashMap.putVal(ILjava/lang/Object;Ljava/lang/Object;ZZ)Ljava/lang/Object; @ 162
Event: 3.629 Thread 0x000000001925c800 Uncommon trap: reason=bimorphic action=maybe_recompile pc=0x00000000058142e0 method=java.util.HashMap.getNode(ILjava/lang/Object;)Ljava/util/HashMap$Node; @ 126
Event: 3.631 Thread 0x0000000005062800 Uncommon trap: reason=unstable_if action=reinterpret pc=0x00000000059f3d64 method=com.android.dx.cf.code.RopperMachine.run(Lcom/android/dx/cf/code/Frame;II)V @ 1500
Event: 3.747 Thread 0x000000001925c800 Uncommon trap: reason=unstable_if action=reinterpret pc=0x00000000058ffd54 method=java.util.HashMap.resize()[Ljava/util/HashMap$Node; @ 206
Event: 5.375 Thread 0x000000001925c800 Uncommon trap: reason=unstable_if action=reinterpret pc=0x00000000059ae978 method=com.android.dx.rop.code.RegisterSpec.equals(ILcom/android/dx/rop/type/TypeBearer;Lcom/android/dx/rop/code/LocalItem;)Z @ 42
Event: 6.882 Thread 0x000000001925c800 Uncommon trap: reason=unstable_if action=reinterpret pc=0x0000000005a20720 method=java.util.HashMap.putVal(ILjava/lang/Object;Ljava/lang/Object;ZZ)Ljava/lang/Object; @ 109
Event: 6.916 Thread 0x0000000005062800 Uncommon trap: reason=unstable_if action=reinterpret pc=0x0000000005af641c method=com.android.dx.ssa.NormalSsaInsn.getLocalAssignment()Lcom/android/dx/rop/code/RegisterSpec; @ 12
Event: 11.119 Thread 0x000000001925c800 Uncommon trap: reason=class_check action=maybe_recompile pc=0x00000000059ba040 method=com.android.dx.ssa.SCCP.simulateBranch(Lcom/android/dx/ssa/SsaInsn;)V @ 145
Event: 217.074 Thread 0x000000001925c800 Uncommon trap: reason=null_check action=make_not_entrant pc=0x00000000054898e8 method=com.android.dx.cf.code.Ropper$CatchInfo.getSetup(Lcom/android/dx/rop/type/Type;)Lcom/android/dx/cf/code/Ropper$ExceptionHandlerSetup; @ 10

Internal exceptions (7 events):
Event: 0.023 Thread 0x0000000005062800 Exception <a 'java/lang/NoSuchMethodError': Method sun.misc.Unsafe.defineClass(Ljava/lang/String;[BII)Ljava/lang/Class; name or signature does not match> (0x00000000eb387ca8) thrown at [C:\re\workspace\8-2-build-windows-amd64-cygwin\jdk8u131\8869\hotspot\
Event: 0.023 Thread 0x0000000005062800 Exception <a 'java/lang/NoSuchMethodError': Method sun.misc.Unsafe.prefetchRead(Ljava/lang/Object;J)V name or signature does not match> (0x00000000eb387f90) thrown at [C:\re\workspace\8-2-build-windows-amd64-cygwin\jdk8u131\8869\hotspot\src\share\vm\prims
Event: 1.337 Thread 0x0000000005062800 Implicit null exception at 0x0000000005408f22 to 0x000000000540901a
Event: 2.741 Thread 0x0000000005062800 Exception <a 'java/lang/ArrayIndexOutOfBoundsException': 18> (0x00000000f201bb78) thrown at [C:\re\workspace\8-2-build-windows-amd64-cygwin\jdk8u131\8869\hotspot\src\share\vm\interpreter\interpreterRuntime.cpp, line 366]
Event: 2.741 Thread 0x0000000005062800 Exception <a 'java/lang/ArrayIndexOutOfBoundsException': 145> (0x00000000f201d6f8) thrown at [C:\re\workspace\8-2-build-windows-amd64-cygwin\jdk8u131\8869\hotspot\src\share\vm\interpreter\interpreterRuntime.cpp, line 366]
Event: 2.744 Thread 0x0000000005062800 Exception <a 'java/lang/ArrayIndexOutOfBoundsException'> (0x00000000f201e9e0) thrown at [C:\re\workspace\8-2-build-windows-amd64-cygwin\jdk8u131\8869\hotspot\src\share\vm\runtime\sharedRuntime.cpp, line 605]
Event: 217.074 Thread 0x000000001925c800 Implicit null exception at 0x0000000005482e8c to 0x00000000054898a9

Events (10 events):
Event: 216.168 Thread 0x000000001925c800 DEOPT UNPACKING pc=0x00000000051a787f sp=0x00000000196beae0 mode 0
Event: 216.276 loading class com/android/dx/rop/code/RegisterSpec$1
Event: 216.276 loading class com/android/dx/rop/code/RegisterSpec$1 done
Event: 216.725 Thread 0x0000000005062800 DEOPT PACKING pc=0x00000000056f388b sp=0x0000000004c1e930
Event: 216.726 Thread 0x0000000005062800 DEOPT UNPACKING pc=0x00000000051a787f sp=0x0000000004c1e740 mode 0
Event: 216.742 Thread 0x0000000005062800 DEOPT PACKING pc=0x00000000056eeda4 sp=0x0000000004c1e830
Event: 216.742 Thread 0x0000000005062800 DEOPT UNPACKING pc=0x00000000051a787f sp=0x0000000004c1e5f0 mode 0
Event: 217.074 Thread 0x000000001925c800 Uncommon trap: trap_request=0xfffffff4 fr.pc=0x00000000054898e8
Event: 217.074 Thread 0x000000001925c800 DEOPT PACKING pc=0x00000000054898e8 sp=0x00000000196be840
Event: 217.074 Thread 0x000000001925c800 DEOPT UNPACKING pc=0x00000000051a582a sp=0x00000000196be828 mode 2


Dynamic libraries:
0x00007ff63c3c0000 - 0x00007ff63c3f7000 	C:\Program Files\Java\jdk1.8.0_131\bin\java.exe
0x00007ffdb5fc0000 - 0x00007ffdb61a0000 	C:\WINDOWS\SYSTEM32\ntdll.dll
0x00007ffdb37d0000 - 0x00007ffdb387e000 	C:\WINDOWS\System32\KERNEL32.DLL
0x00007ffdb31c0000 - 0x00007ffdb3426000 	C:\WINDOWS\System32\KERNELBASE.dll
0x00007ffdb3f10000 - 0x00007ffdb3fb1000 	C:\WINDOWS\System32\ADVAPI32.dll
0x00007ffdb5e10000 - 0x00007ffdb5ead000 	C:\WINDOWS\System32\msvcrt.dll
0x00007ffdb5db0000 - 0x00007ffdb5e0b000 	C:\WINDOWS\System32\sechost.dll
0x00007ffdb45e0000 - 0x00007ffdb46ff000 	C:\WINDOWS\System32\RPCRT4.dll
0x00007ffdb3d80000 - 0x00007ffdb3f0f000 	C:\WINDOWS\System32\USER32.dll
0x00007ffdb23c0000 - 0x00007ffdb23e0000 	C:\WINDOWS\System32\win32u.dll
0x00007ffdb37a0000 - 0x00007ffdb37c8000 	C:\WINDOWS\System32\GDI32.dll
0x00007ffdb2ea0000 - 0x00007ffdb3033000 	C:\WINDOWS\System32\gdi32full.dll
0x00007ffdb2e00000 - 0x00007ffdb2e9b000 	C:\WINDOWS\System32\msvcp_win.dll
0x00007ffdb3040000 - 0x00007ffdb3136000 	C:\WINDOWS\System32\ucrtbase.dll
0x00007ffd9ad00000 - 0x00007ffd9af69000 	C:\WINDOWS\WinSxS\amd64_microsoft.windows.common-controls_6595b64144ccf1df_6.0.16299.192_none_15c8cdae9364c23b\COMCTL32.dll
0x00007ffdb3490000 - 0x00007ffdb3798000 	C:\WINDOWS\System32\combase.dll
0x00007ffdb3140000 - 0x00007ffdb31b2000 	C:\WINDOWS\System32\bcryptPrimitives.dll
0x00007ffdb42e0000 - 0x00007ffdb430d000 	C:\WINDOWS\System32\IMM32.DLL
0x000000006f400000 - 0x000000006f4d2000 	C:\Program Files\Java\jdk1.8.0_131\jre\bin\msvcr100.dll
0x000000006eb60000 - 0x000000006f3fc000 	C:\Program Files\Java\jdk1.8.0_131\jre\bin\server\jvm.dll
0x00007ffdb45d0000 - 0x00007ffdb45d8000 	C:\WINDOWS\System32\PSAPI.DLL
0x00007ffda02a0000 - 0x00007ffda02a9000 	C:\WINDOWS\SYSTEM32\WSOCK32.dll
0x00007ffdaab30000 - 0x00007ffdaab3a000 	C:\WINDOWS\SYSTEM32\VERSION.dll
0x00007ffdb0330000 - 0x00007ffdb0353000 	C:\WINDOWS\SYSTEM32\WINMM.dll
0x00007ffdb43b0000 - 0x00007ffdb441c000 	C:\WINDOWS\System32\WS2_32.dll
0x00007ffdb0300000 - 0x00007ffdb032a000 	C:\WINDOWS\SYSTEM32\WINMMBASE.dll
0x00007ffdb2db0000 - 0x00007ffdb2dfa000 	C:\WINDOWS\System32\cfgmgr32.dll
0x000000006eb50000 - 0x000000006eb5f000 	C:\Program Files\Java\jdk1.8.0_131\jre\bin\verify.dll
0x000000006eb20000 - 0x000000006eb49000 	C:\Program Files\Java\jdk1.8.0_131\jre\bin\java.dll
0x000000006eb00000 - 0x000000006eb16000 	C:\Program Files\Java\jdk1.8.0_131\jre\bin\zip.dll
0x00007ffdb48f0000 - 0x00007ffdb5d26000 	C:\WINDOWS\System32\SHELL32.dll
0x00007ffdb3cd0000 - 0x00007ffdb3d76000 	C:\WINDOWS\System32\shcore.dll
0x00007ffdb2660000 - 0x00007ffdb2da7000 	C:\WINDOWS\System32\windows.storage.dll
0x00007ffdb4760000 - 0x00007ffdb47b1000 	C:\WINDOWS\System32\shlwapi.dll
0x00007ffdb2380000 - 0x00007ffdb2391000 	C:\WINDOWS\System32\kernel.appcore.dll
0x00007ffdb2330000 - 0x00007ffdb237c000 	C:\WINDOWS\System32\powrprof.dll
0x00007ffdb2310000 - 0x00007ffdb232b000 	C:\WINDOWS\System32\profapi.dll

VM Arguments:
java_command: C:\Program Files (x86)\Android\android-sdk\build-tools\25.0.3\\lib\dx.jar --no-strict --dex --output=obj\Debug\android\bin obj\Debug\android\bin\classes C:\Program Files (x86)\Microsoft Visual Studio\2017\Community\Common7\IDE\ReferenceAssemblies\Microsoft\Framework\MonoAndroid\v8.0\mono.android.jar obj\Debug\__library_projects__\FormsViewGroup\library_project_imports\formsviewgroup.jar obj\Debug\__library_projects__\Xamarin.Android.Arch.Core.Common\library_project_imports\arch-core-common.jar obj\Debug\__library_projects__\Xamarin.Android.Arch.Lifecycle.Common\library_project_imports\arch-lifecycle-common.jar obj\Debug\__library_projects__\Xamarin.Android.Arch.Lifecycle.Runtime\library_project_imports\bin\classes.jar obj\Debug\__library_projects__\Xamarin.Android.Support.Animated.Vector.Drawable\library_project_imports\bin\classes.jar obj\Debug\__library_projects__\Xamarin.Android.Support.Compat\library_project_imports\bin\classes.jar obj\Debug\__library_projects__\Xamarin.Android.Support.Core.UI\library_project_imports\bin\classes.jar obj\Debug\__library_projects__\Xamarin.Android.Support.Core.Utils\library_project_imports\bin\classes.jar obj\Debug\__library_projects__\Xamarin.Android.Support.Design\library_project_imports\bin\classes.jar obj\Debug\__library_projects__\Xamarin.Android.Support.Fragment\library_project_imports\bin\classes.jar obj\Debug\__library_projects__\Xamarin.Android.Support.Media.Compat\library_project_imports\bin\classes.jar obj\Debug\__library_projects__\Xamarin.Android.Support.Transition\library_project_imports\bin\classes.jar obj\Debug\__library_projects__\Xamarin.Android.Support.v4\library_project_imports\bin\classes.jar obj\Debug\__library_projects__\Xamarin.Android.Support.v7.AppCompat\library_project_imports\bin\classes.jar obj\Debug\__library_projects__\Xamarin.Android.Support.v7.CardView\library_project_imports\bin\classes.jar obj\Debug\__library_projects__\Xamarin.Android.Support.v7.MediaRouter\library_project_import
java_class_path (initial): C:\Program Files (x86)\Android\android-sdk\build-tools\25.0.3\\lib\dx.jar
Launcher Type: SUN_STANDARD

Environment Variables:
PATH=C:\Program Files\Java\jdk1.8.0_131\bin;C:\Program Files\Microsoft MPI\Bin\;C:\Program Files (x86)\Intel\iCLS Client\;C:\ProgramData\Oracle\Java\javapath;C:\Program Files\Intel\iCLS Client\;C:\WINDOWS\system32;C:\WINDOWS;C:\WINDOWS\System32\Wbem;C:\WINDOWS\System32\WindowsPowerShell\v1.0\;C:\Program Files\dotnet\;C:\Program Files\Git\cmd;C:\Program Files (x86)\Intel\Intel(R) Management Engine Components\DAL;C:\Program Files\Intel\Intel(R) Management Engine Components\DAL;C:\Program Files (x86)\Intel\Intel(R) Management Engine Components\IPT;C:\Program Files\Intel\Intel(R) Management Engine Components\IPT;C:\Program Files\Microsoft SQL Server\120\Tools\Binn\;C:\Program Files\Microsoft SQL Server\Client SDK\ODBC\110\Tools\Binn\;C:\Program Files (x86)\Microsoft SQL Server\120\Tools\Binn\;C:\Program Files\Microsoft SQL Server\120\DTS\Binn\;C:\Program Files (x86)\Microsoft SQL Server\120\Tools\Binn\ManagementStudio\;C:\Program Files (x86)\Microsoft SQL Server\120\DTS\Binn\;C:\Users\tuyen\AppData\Local\Microsoft\WindowsApps;;C:\Program Files\Microsoft VS Code\bin;C:\Users\tuyen\source\repos\Poke\packages\Newtonsoft.Json.10.0.3\tools
USERNAME=tuyen
OS=Windows_NT
PROCESSOR_IDENTIFIER=Intel64 Family 6 Model 94 Stepping 3, GenuineIntel



---------------  S Y S T E M  ---------------

OS: Windows 10.0 , 64 bit Build 16299 (10.0.16299.15)

CPU:total 4 (initial active 4) (2 cores per cpu, 2 threads per core) family 6 model 94 stepping 3, cmov, cx8, fxsr, mmx, sse, sse2, sse3, ssse3, sse4.1, sse4.2, popcnt, avx, avx2, aes, clmul, erms, 3dnowpref, lzcnt, ht, tsc, tscinvbit, bmi1, bmi2, adx

Memory: 4k page, physical 4087000k(372376k free), swap 8281304k(6344k free)

vm_info: Java HotSpot(TM) 64-Bit Server VM (25.131-b11) for windows-amd64 JRE (1.8.0_131-b11), built on Mar 15 2017 01:23:53 by "java_re" with MS VC++ 10.0 (VS2010)

time: Thu Jan 25 16:24:50 2018
elapsed time: 217 seconds (0d 0h 3m 37s)

