#
# There is insufficient memory for the Java Runtime Environment to continue.
# Native memory allocation (malloc) failed to allocate 400976 bytes for Chunk::new
# Possible reasons:
#   The system is out of physical RAM or swap space
#   In 32 bit mode, the process size limit was hit
# Possible solutions:
#   Reduce memory load on the system
#   Increase physical memory or swap space
#   Check if swap backing store is full
#   Use 64 bit Java on a 64 bit OS
#   Decrease Java heap size (-Xmx/-Xms)
#   Decrease number of Java threads
#   Decrease Java thread stack sizes (-Xss)
#   Set larger code cache with -XX:ReservedCodeCacheSize=
# This output file may be truncated or incomplete.
#
#  Out of Memory Error (allocation.cpp:390), pid=3240, tid=0x0000000000001158
#
# JRE version: Java(TM) SE Runtime Environment (8.0_131-b11) (build 1.8.0_131-b11)
# Java VM: Java HotSpot(TM) 64-Bit Server VM (25.131-b11 mixed mode windows-amd64 compressed oops)
# Failed to write core dump. Minidumps are not enabled by default on client versions of Windows
#

---------------  T H R E A D  ---------------

Current thread (0x0000000017684000):  JavaThread "C2 CompilerThread0" daemon [_thread_in_native, id=4440, stack(0x0000000018bb0000,0x0000000018cb0000)]

Stack: [0x0000000018bb0000,0x0000000018cb0000]
[error occurred during error reporting (printing stack bounds), id 0xc0000005]

Native frames: (J=compiled Java code, j=interpreted, Vv=VM code, C=native code)


Current CompileTask:
C2:  17322 3101 %     4       com.android.dx.dex.code.LocalList::make @ 16 (102 bytes)


---------------  P R O C E S S  ---------------

Java Threads: ( => current thread )
  0x0000000018f22800 JavaThread "Service Thread" daemon [_thread_blocked, id=7376, stack(0x00000000192b0000,0x00000000193b0000)]
  0x000000001768a000 JavaThread "C1 CompilerThread2" daemon [_thread_blocked, id=11800, stack(0x0000000018db0000,0x0000000018eb0000)]
  0x0000000017687800 JavaThread "C2 CompilerThread1" daemon [_thread_in_native, id=11712, stack(0x0000000018cb0000,0x0000000018db0000)]
=>0x0000000017684000 JavaThread "C2 CompilerThread0" daemon [_thread_in_native, id=4440, stack(0x0000000018bb0000,0x0000000018cb0000)]
  0x000000001763f000 JavaThread "Attach Listener" daemon [_thread_blocked, id=6264, stack(0x0000000018ab0000,0x0000000018bb0000)]
  0x0000000017683800 JavaThread "Signal Dispatcher" daemon [_thread_blocked, id=10480, stack(0x00000000189b0000,0x0000000018ab0000)]
  0x000000000504c000 JavaThread "Finalizer" daemon [_thread_blocked, id=12632, stack(0x00000000188b0000,0x00000000189b0000)]
  0x00000000175f9000 JavaThread "Reference Handler" daemon [_thread_blocked, id=9140, stack(0x00000000187b0000,0x00000000188b0000)]
  0x0000000004f4e800 JavaThread "main" [_thread_in_Java, id=1676, stack(0x0000000004dc0000,0x0000000004ec0000)]

Other Threads:
  0x00000000175f7800 VMThread [stack: 0x00000000186b0000,0x00000000187b0000] [id=5636]
  0x0000000018f80000 WatcherThread [stack: 0x00000000193b0000,0x00000000194b0000] [id=11296]

VM state:not at safepoint (normal execution)

VM Mutex/Monitor currently owned by a thread: None

Heap:
 PSYoungGen      total 270336K, used 79283K [0x00000000eb380000, 0x0000000100000000, 0x0000000100000000)
  eden space 200192K, 39% used [0x00000000eb380000,0x00000000f00ecf00,0x00000000f7700000)
  from space 70144K, 0% used [0x00000000f7700000,0x00000000f7700000,0x00000000fbb80000)
  to   space 67072K, 0% used [0x00000000fbe80000,0x00000000fbe80000,0x0000000100000000)
 ParOldGen       total 357888K, used 185180K [0x00000000c1a00000, 0x00000000d7780000, 0x00000000eb380000)
  object space 357888K, 51% used [0x00000000c1a00000,0x00000000cced7270,0x00000000d7780000)
 Metaspace       used 7141K, capacity 7640K, committed 7936K, reserved 1056768K
  class space    used 666K, capacity 720K, committed 768K, reserved 1048576K

Card table byte_map: [0x0000000014410000,0x0000000014610000] byte_map_base: 0x0000000013e03000

Marking Bits: (ParMarkBitMap*) 0x0000000054c4c720
 Begin Bits: [0x0000000014b60000, 0x0000000015af8000)
 End Bits:   [0x0000000015af8000, 0x0000000016a90000)

Polling page: 0x0000000002c90000

CodeCache: size=245760Kb used=11491Kb max_used=14352Kb free=234268Kb
 bounds [0x0000000005050000, 0x0000000005e70000, 0x0000000014050000]
 total_blobs=2860 nmethods=2587 adapters=185
 compilation: enabled

Compilation events (10 events):
Event: 17.262 Thread 0x0000000017687800 nmethod 3098 0x0000000005e4c150 code [0x0000000005e4c280, 0x0000000005e4c338]
Event: 17.262 Thread 0x0000000017687800 3100 %     4       com.android.dx.dex.code.DalvInsnList::makeImmutable @ 18 (51 bytes)
Event: 17.268 Thread 0x0000000017684000 nmethod 3094% 0x000000000541b310 code [0x000000000541b520, 0x000000000541c518]
Event: 17.269 Thread 0x0000000017684000 3101 %     4       com.android.dx.dex.code.LocalList::make @ 16 (102 bytes)
Event: 17.272 Thread 0x0000000017687800 nmethod 3100% 0x000000000546ba10 code [0x000000000546bb80, 0x000000000546c098]
Event: 17.272 Thread 0x0000000017687800 3103       4       com.android.dx.dex.code.OutputFinisher::align64bits (247 bytes)
Event: 17.281 Thread 0x0000000017687800 nmethod 3103 0x0000000005a50990 code [0x0000000005a50b40, 0x0000000005a51430]
Event: 17.282 Thread 0x0000000017687800 3105       4       com.android.dx.dex.code.PositionList::make (224 bytes)
Event: 17.293 Thread 0x0000000017687800 nmethod 3105 0x0000000005244d90 code [0x0000000005244f20, 0x00000000052457f8]
Event: 17.293 Thread 0x0000000017687800 3107       4       com.android.dx.dex.code.OutputFinisher::calculateReservedCount (122 bytes)

GC Heap History (10 events):
Event: 9.274 GC heap before
{Heap before GC invocations=14 (full 2):
 PSYoungGen      total 276992K, used 255436K [0x00000000eb380000, 0x0000000100000000, 0x0000000100000000)
  eden space 220672K, 100% used [0x00000000eb380000,0x00000000f8b00000,0x00000000f8b00000)
  from space 56320K, 61% used [0x00000000f8b00000,0x00000000facf3320,0x00000000fc200000)
  to   space 57856K, 0% used [0x00000000fc780000,0x00000000fc780000,0x0000000100000000)
 ParOldGen       total 185344K, used 118826K [0x00000000c1a00000, 0x00000000ccf00000, 0x00000000eb380000)
  object space 185344K, 64% used [0x00000000c1a00000,0x00000000c8e0a878,0x00000000ccf00000)
 Metaspace       used 6759K, capacity 7352K, committed 7680K, reserved 1056768K
  class space    used 647K, capacity 688K, committed 768K, reserved 1048576K
Event: 9.359 GC heap after
Heap after GC invocations=14 (full 2):
 PSYoungGen      total 258048K, used 57846K [0x00000000eb380000, 0x0000000100000000, 0x0000000100000000)
  eden space 200192K, 0% used [0x00000000eb380000,0x00000000eb380000,0x00000000f7700000)
  from space 57856K, 99% used [0x00000000fc780000,0x00000000ffffd948,0x0000000100000000)
  to   space 70144K, 0% used [0x00000000f7700000,0x00000000f7700000,0x00000000fbb80000)
 ParOldGen       total 185344K, used 126076K [0x00000000c1a00000, 0x00000000ccf00000, 0x00000000eb380000)
  object space 185344K, 68% used [0x00000000c1a00000,0x00000000c951f390,0x00000000ccf00000)
 Metaspace       used 6759K, capacity 7352K, committed 7680K, reserved 1056768K
  class space    used 647K, capacity 688K, committed 768K, reserved 1048576K
}
Event: 10.655 GC heap before
{Heap before GC invocations=15 (full 2):
 PSYoungGen      total 258048K, used 258038K [0x00000000eb380000, 0x0000000100000000, 0x0000000100000000)
  eden space 200192K, 100% used [0x00000000eb380000,0x00000000f7700000,0x00000000f7700000)
  from space 57856K, 99% used [0x00000000fc780000,0x00000000ffffd948,0x0000000100000000)
  to   space 70144K, 0% used [0x00000000f7700000,0x00000000f7700000,0x00000000fbb80000)
 ParOldGen       total 185344K, used 126076K [0x00000000c1a00000, 0x00000000ccf00000, 0x00000000eb380000)
  object space 185344K, 68% used [0x00000000c1a00000,0x00000000c951f390,0x00000000ccf00000)
 Metaspace       used 6764K, capacity 7352K, committed 7680K, reserved 1056768K
  class space    used 648K, capacity 688K, committed 768K, reserved 1048576K
Event: 10.818 GC heap after
Heap after GC invocations=15 (full 2):
 PSYoungGen      total 270336K, used 30787K [0x00000000eb380000, 0x0000000100000000, 0x0000000100000000)
  eden space 200192K, 0% used [0x00000000eb380000,0x00000000eb380000,0x00000000f7700000)
  from space 70144K, 43% used [0x00000000f7700000,0x00000000f9510f28,0x00000000fbb80000)
  to   space 67072K, 0% used [0x00000000fbe80000,0x00000000fbe80000,0x0000000100000000)
 ParOldGen       total 185344K, used 183785K [0x00000000c1a00000, 0x00000000ccf00000, 0x00000000eb380000)
  object space 185344K, 99% used [0x00000000c1a00000,0x00000000ccd7a558,0x00000000ccf00000)
 Metaspace       used 6764K, capacity 7352K, committed 7680K, reserved 1056768K
  class space    used 648K, capacity 688K, committed 768K, reserved 1048576K
}
Event: 10.818 GC heap before
{Heap before GC invocations=16 (full 3):
 PSYoungGen      total 270336K, used 30787K [0x00000000eb380000, 0x0000000100000000, 0x0000000100000000)
  eden space 200192K, 0% used [0x00000000eb380000,0x00000000eb380000,0x00000000f7700000)
  from space 70144K, 43% used [0x00000000f7700000,0x00000000f9510f28,0x00000000fbb80000)
  to   space 67072K, 0% used [0x00000000fbe80000,0x00000000fbe80000,0x0000000100000000)
 ParOldGen       total 185344K, used 183785K [0x00000000c1a00000, 0x00000000ccf00000, 0x00000000eb380000)
  object space 185344K, 99% used [0x00000000c1a00000,0x00000000ccd7a558,0x00000000ccf00000)
 Metaspace       used 6764K, capacity 7352K, committed 7680K, reserved 1056768K
  class space    used 648K, capacity 688K, committed 768K, reserved 1048576K
Event: 12.086 GC heap after
Heap after GC invocations=16 (full 3):
 PSYoungGen      total 270336K, used 25446K [0x00000000eb380000, 0x0000000100000000, 0x0000000100000000)
  eden space 200192K, 0% used [0x00000000eb380000,0x00000000eb380000,0x00000000f7700000)
  from space 70144K, 36% used [0x00000000f7700000,0x00000000f8fd9918,0x00000000fbb80000)
  to   space 67072K, 0% used [0x00000000fbe80000,0x00000000fbe80000,0x0000000100000000)
 ParOldGen       total 185344K, used 185216K [0x00000000c1a00000, 0x00000000ccf00000, 0x00000000eb380000)
  object space 185344K, 99% used [0x00000000c1a00000,0x00000000ccee02c0,0x00000000ccf00000)
 Metaspace       used 6764K, capacity 7352K, committed 7680K, reserved 1056768K
  class space    used 648K, capacity 688K, committed 768K, reserved 1048576K
}
Event: 12.631 GC heap before
{Heap before GC invocations=17 (full 4):
 PSYoungGen      total 270336K, used 225638K [0x00000000eb380000, 0x0000000100000000, 0x0000000100000000)
  eden space 200192K, 100% used [0x00000000eb380000,0x00000000f7700000,0x00000000f7700000)
  from space 70144K, 36% used [0x00000000f7700000,0x00000000f8fd9918,0x00000000fbb80000)
  to   space 67072K, 0% used [0x00000000fbe80000,0x00000000fbe80000,0x0000000100000000)
 ParOldGen       total 185344K, used 185216K [0x00000000c1a00000, 0x00000000ccf00000, 0x00000000eb380000)
  object space 185344K, 99% used [0x00000000c1a00000,0x00000000ccee02c0,0x00000000ccf00000)
 Metaspace       used 6788K, capacity 7352K, committed 7680K, reserved 1056768K
  class space    used 649K, capacity 688K, committed 768K, reserved 1048576K
Event: 13.705 GC heap after
Heap after GC invocations=17 (full 4):
 PSYoungGen      total 270336K, used 55024K [0x00000000eb380000, 0x0000000100000000, 0x0000000100000000)
  eden space 200192K, 27% used [0x00000000eb380000,0x00000000ee93c100,0x00000000f7700000)
  from space 70144K, 0% used [0x00000000f7700000,0x00000000f7700000,0x00000000fbb80000)
  to   space 67072K, 0% used [0x00000000fbe80000,0x00000000fbe80000,0x0000000100000000)
 ParOldGen       total 185344K, used 185340K [0x00000000c1a00000, 0x00000000ccf00000, 0x00000000eb380000)
  object space 185344K, 99% used [0x00000000c1a00000,0x00000000cceff160,0x00000000ccf00000)
 Metaspace       used 6788K, capacity 7352K, committed 7680K, reserved 1056768K
  class space    used 649K, capacity 688K, committed 768K, reserved 1048576K
}
Event: 15.021 GC heap before
{Heap before GC invocations=18 (full 5):
 PSYoungGen      total 270336K, used 200192K [0x00000000eb380000, 0x0000000100000000, 0x0000000100000000)
  eden space 200192K, 100% used [0x00000000eb380000,0x00000000f7700000,0x00000000f7700000)
  from space 70144K, 0% used [0x00000000f7700000,0x00000000f7700000,0x00000000fbb80000)
  to   space 67072K, 0% used [0x00000000fbe80000,0x00000000fbe80000,0x0000000100000000)
 ParOldGen       total 185344K, used 185340K [0x00000000c1a00000, 0x00000000ccf00000, 0x00000000eb380000)
  object space 185344K, 99% used [0x00000000c1a00000,0x00000000cceff160,0x00000000ccf00000)
 Metaspace       used 7140K, capacity 7640K, committed 7936K, reserved 1056768K
  class space    used 666K, capacity 720K, committed 768K, reserved 1048576K
Event: 17.230 GC heap after
Heap after GC invocations=18 (full 5):
 PSYoungGen      total 270336K, used 77475K [0x00000000eb380000, 0x0000000100000000, 0x0000000100000000)
  eden space 200192K, 38% used [0x00000000eb380000,0x00000000eff28f80,0x00000000f7700000)
  from space 70144K, 0% used [0x00000000f7700000,0x00000000f7700000,0x00000000fbb80000)
  to   space 67072K, 0% used [0x00000000fbe80000,0x00000000fbe80000,0x0000000100000000)
 ParOldGen       total 357888K, used 185180K [0x00000000c1a00000, 0x00000000d7780000, 0x00000000eb380000)
  object space 357888K, 51% used [0x00000000c1a00000,0x00000000cced7270,0x00000000d7780000)
 Metaspace       used 7140K, capacity 7640K, committed 7936K, reserved 1056768K
  class space    used 666K, capacity 720K, committed 768K, reserved 1048576K
}

Deoptimization events (10 events):
Event: 14.918 Thread 0x0000000004f4e800 Uncommon trap: reason=bimorphic action=maybe_recompile pc=0x0000000005db3e08 method=com.android.dx.dex.file.MixedItemSection$1.compare(Lcom/android/dx/dex/file/OffsettedItem;Lcom/android/dx/dex/file/OffsettedItem;)I @ 1
Event: 14.918 Thread 0x0000000004f4e800 Uncommon trap: reason=bimorphic action=maybe_recompile pc=0x0000000005db3e08 method=com.android.dx.dex.file.MixedItemSection$1.compare(Lcom/android/dx/dex/file/OffsettedItem;Lcom/android/dx/dex/file/OffsettedItem;)I @ 1
Event: 14.950 Thread 0x0000000004f4e800 Uncommon trap: reason=unstable_if action=reinterpret pc=0x0000000005de1000 method=com.android.dx.dex.code.OutputFinisher.findOpcodeForInsn(Lcom/android/dx/dex/code/DalvInsn;Lcom/android/dx/dex/code/Dop;)Lcom/android/dx/dex/code/Dop; @ 1
Event: 15.000 Thread 0x0000000004f4e800 Uncommon trap: reason=speculate_class_check action=maybe_recompile pc=0x00000000053409f4 method=com.android.dx.util.FixedSizeList.equals(Ljava/lang/Object;)Z @ 25
Event: 15.000 Thread 0x0000000004f4e800 Uncommon trap: reason=speculate_class_check action=maybe_recompile pc=0x00000000053409f4 method=com.android.dx.util.FixedSizeList.equals(Ljava/lang/Object;)Z @ 25
Event: 15.000 Thread 0x0000000004f4e800 Uncommon trap: reason=speculate_class_check action=maybe_recompile pc=0x00000000053409f4 method=com.android.dx.util.FixedSizeList.equals(Ljava/lang/Object;)Z @ 25
Event: 15.001 Thread 0x0000000004f4e800 Uncommon trap: reason=speculate_class_check action=maybe_recompile pc=0x00000000053409f4 method=com.android.dx.util.FixedSizeList.equals(Ljava/lang/Object;)Z @ 25
Event: 15.001 Thread 0x0000000004f4e800 Uncommon trap: reason=unstable_if action=reinterpret pc=0x000000000584b540 method=java.util.TreeMap.put(Ljava/lang/Object;Ljava/lang/Object;)Ljava/lang/Object; @ 163
Event: 15.003 Thread 0x0000000004f4e800 Uncommon trap: reason=unstable_if action=reinterpret pc=0x0000000005e28bcc method=com.android.dx.rop.code.RegisterSpecSet.put(Lcom/android/dx/rop/code/RegisterSpec;)V @ 77
Event: 15.012 Thread 0x0000000004f4e800 Uncommon trap: reason=unstable_if action=reinterpret pc=0x0000000005ae3e24 method=com.android.dx.rop.code.RegisterSpecSet.equals(Ljava/lang/Object;)Z @ 30

Internal exceptions (7 events):
Event: 0.027 Thread 0x0000000004f4e800 Exception <a 'java/lang/NoSuchMethodError': Method sun.misc.Unsafe.defineClass(Ljava/lang/String;[BII)Ljava/lang/Class; name or signature does not match> (0x00000000eb387ca8) thrown at [C:\re\workspace\8-2-build-windows-amd64-cygwin\jdk8u131\8869\hotspot\
Event: 0.027 Thread 0x0000000004f4e800 Exception <a 'java/lang/NoSuchMethodError': Method sun.misc.Unsafe.prefetchRead(Ljava/lang/Object;J)V name or signature does not match> (0x00000000eb387f90) thrown at [C:\re\workspace\8-2-build-windows-amd64-cygwin\jdk8u131\8869\hotspot\src\share\vm\prims
Event: 1.278 Thread 0x0000000004f4e800 Implicit null exception at 0x00000000052f7462 to 0x00000000052f755a
Event: 3.571 Thread 0x0000000004f4e800 Exception <a 'java/lang/ArrayIndexOutOfBoundsException': 18> (0x00000000ee190d90) thrown at [C:\re\workspace\8-2-build-windows-amd64-cygwin\jdk8u131\8869\hotspot\src\share\vm\interpreter\interpreterRuntime.cpp, line 366]
Event: 3.572 Thread 0x0000000004f4e800 Exception <a 'java/lang/ArrayIndexOutOfBoundsException'> (0x00000000ee192910) thrown at [C:\re\workspace\8-2-build-windows-amd64-cygwin\jdk8u131\8869\hotspot\src\share\vm\runtime\sharedRuntime.cpp, line 605]
Event: 3.576 Thread 0x0000000004f4e800 Exception <a 'java/lang/ArrayIndexOutOfBoundsException'> (0x00000000ee193bf8) thrown at [C:\re\workspace\8-2-build-windows-amd64-cygwin\jdk8u131\8869\hotspot\src\share\vm\runtime\sharedRuntime.cpp, line 605]
Event: 5.589 Thread 0x0000000019150000 Implicit null exception at 0x0000000005a05158 to 0x0000000005a0e181

Events (10 events):
Event: 17.261 Thread 0x0000000017687800 flushing nmethod 0x0000000005a3f190
Event: 17.261 Thread 0x0000000017687800 flushing nmethod 0x0000000005a50990
Event: 17.264 Thread 0x0000000004f4e800 DEOPT PACKING pc=0x0000000005de6c7b sp=0x0000000004ebeff0
Event: 17.264 Thread 0x0000000004f4e800 DEOPT UNPACKING pc=0x000000000509787f sp=0x0000000004ebed40 mode 0
Event: 17.272 Thread 0x0000000004f4e800 DEOPT PACKING pc=0x0000000005ddcd6e sp=0x0000000004ebeff0
Event: 17.272 Thread 0x0000000004f4e800 DEOPT UNPACKING pc=0x000000000509787f sp=0x0000000004ebedb8 mode 0
Event: 17.288 Thread 0x0000000004f4e800 DEOPT PACKING pc=0x0000000005dee422 sp=0x0000000004ebefd0
Event: 17.288 Thread 0x0000000004f4e800 DEOPT UNPACKING pc=0x000000000509787f sp=0x0000000004ebed88 mode 0
Event: 17.289 Thread 0x0000000004f4e800 DEOPT PACKING pc=0x0000000005de4a5e sp=0x0000000004ebef30
Event: 17.289 Thread 0x0000000004f4e800 DEOPT UNPACKING pc=0x000000000509787f sp=0x0000000004ebec88 mode 0


Dynamic libraries:
0x00007ff6de220000 - 0x00007ff6de257000 	C:\Program Files\Java\jdk1.8.0_131\bin\java.exe
0x00007ffed4d40000 - 0x00007ffed4f20000 	C:\WINDOWS\SYSTEM32\ntdll.dll
0x00007ffed4230000 - 0x00007ffed42de000 	C:\WINDOWS\System32\KERNEL32.DLL
0x00007ffed1140000 - 0x00007ffed13a6000 	C:\WINDOWS\System32\KERNELBASE.dll
0x00007ffed4bc0000 - 0x00007ffed4c61000 	C:\WINDOWS\System32\ADVAPI32.dll
0x00007ffed4c70000 - 0x00007ffed4d0d000 	C:\WINDOWS\System32\msvcrt.dll
0x00007ffed4b40000 - 0x00007ffed4b9b000 	C:\WINDOWS\System32\sechost.dll
0x00007ffed4660000 - 0x00007ffed477f000 	C:\WINDOWS\System32\RPCRT4.dll
0x00007ffed42f0000 - 0x00007ffed447f000 	C:\WINDOWS\System32\USER32.dll
0x00007ffed2170000 - 0x00007ffed2190000 	C:\WINDOWS\System32\win32u.dll
0x00007ffed2d00000 - 0x00007ffed2d28000 	C:\WINDOWS\System32\GDI32.dll
0x00007ffed1f20000 - 0x00007ffed20b3000 	C:\WINDOWS\System32\gdi32full.dll
0x00007ffed1cd0000 - 0x00007ffed1d6b000 	C:\WINDOWS\System32\msvcp_win.dll
0x00007ffed1e20000 - 0x00007ffed1f16000 	C:\WINDOWS\System32\ucrtbase.dll
0x00007ffeb9de0000 - 0x00007ffeba049000 	C:\WINDOWS\WinSxS\amd64_microsoft.windows.common-controls_6595b64144ccf1df_6.0.16299.192_none_15c8cdae9364c23b\COMCTL32.dll
0x00007ffed4830000 - 0x00007ffed4b38000 	C:\WINDOWS\System32\combase.dll
0x00007ffed2190000 - 0x00007ffed2202000 	C:\WINDOWS\System32\bcryptPrimitives.dll
0x00007ffed4780000 - 0x00007ffed47ad000 	C:\WINDOWS\System32\IMM32.DLL
0x0000000054cd0000 - 0x0000000054da2000 	C:\Program Files\Java\jdk1.8.0_131\jre\bin\msvcr100.dll
0x0000000054430000 - 0x0000000054ccc000 	C:\Program Files\Java\jdk1.8.0_131\jre\bin\server\jvm.dll
0x00007ffed42e0000 - 0x00007ffed42e8000 	C:\WINDOWS\System32\PSAPI.DLL
0x00007ffebee00000 - 0x00007ffebee09000 	C:\WINDOWS\SYSTEM32\WSOCK32.dll
0x00007ffecf1f0000 - 0x00007ffecf213000 	C:\WINDOWS\SYSTEM32\WINMM.dll
0x00007ffec7330000 - 0x00007ffec733a000 	C:\WINDOWS\SYSTEM32\VERSION.dll
0x00007ffed4480000 - 0x00007ffed44ec000 	C:\WINDOWS\System32\WS2_32.dll
0x00007ffecf1c0000 - 0x00007ffecf1ea000 	C:\WINDOWS\SYSTEM32\winmmbase.dll
0x00007ffed1d70000 - 0x00007ffed1dba000 	C:\WINDOWS\System32\cfgmgr32.dll
0x0000000054420000 - 0x000000005442f000 	C:\Program Files\Java\jdk1.8.0_131\jre\bin\verify.dll
0x00000000543f0000 - 0x0000000054419000 	C:\Program Files\Java\jdk1.8.0_131\jre\bin\java.dll
0x00000000543d0000 - 0x00000000543e6000 	C:\Program Files\Java\jdk1.8.0_131\jre\bin\zip.dll
0x00007ffed2df0000 - 0x00007ffed4226000 	C:\WINDOWS\System32\SHELL32.dll
0x00007ffed2970000 - 0x00007ffed2a16000 	C:\WINDOWS\System32\shcore.dll
0x00007ffed1580000 - 0x00007ffed1cc7000 	C:\WINDOWS\System32\windows.storage.dll
0x00007ffed24c0000 - 0x00007ffed2511000 	C:\WINDOWS\System32\shlwapi.dll
0x00007ffed1120000 - 0x00007ffed1131000 	C:\WINDOWS\System32\kernel.appcore.dll
0x00007ffed1090000 - 0x00007ffed10dc000 	C:\WINDOWS\System32\powrprof.dll
0x00007ffed10e0000 - 0x00007ffed10fb000 	C:\WINDOWS\System32\profapi.dll

VM Arguments:
java_command: C:\Program Files (x86)\Android\android-sdk\build-tools\25.0.3\\lib\dx.jar --no-strict --dex --output=obj\Debug\android\bin obj\Debug\android\bin\classes C:\Program Files (x86)\Microsoft Visual Studio\2017\Community\Common7\IDE\ReferenceAssemblies\Microsoft\Framework\MonoAndroid\v8.0\mono.android.jar obj\Debug\__library_projects__\FormsViewGroup\library_project_imports\formsviewgroup.jar obj\Debug\__library_projects__\Xamarin.Android.Support.Animated.Vector.Drawable\library_project_imports\bin\classes.jar obj\Debug\__library_projects__\Xamarin.Android.Support.Compat\library_project_imports\bin\classes.jar obj\Debug\__library_projects__\Xamarin.Android.Support.Core.UI\library_project_imports\bin\classes.jar obj\Debug\__library_projects__\Xamarin.Android.Support.Core.Utils\library_project_imports\bin\classes.jar obj\Debug\__library_projects__\Xamarin.Android.Support.Design\library_project_imports\bin\classes.jar obj\Debug\__library_projects__\Xamarin.Android.Support.Fragment\library_project_imports\bin\classes.jar obj\Debug\__library_projects__\Xamarin.Android.Support.Media.Compat\library_project_imports\bin\classes.jar obj\Debug\__library_projects__\Xamarin.Android.Support.Transition\library_project_imports\bin\classes.jar obj\Debug\__library_projects__\Xamarin.Android.Support.v4\library_project_imports\bin\classes.jar obj\Debug\__library_projects__\Xamarin.Android.Support.v7.AppCompat\library_project_imports\bin\classes.jar obj\Debug\__library_projects__\Xamarin.Android.Support.v7.CardView\library_project_imports\bin\classes.jar obj\Debug\__library_projects__\Xamarin.Android.Support.v7.MediaRouter\library_project_imports\bin\classes.jar obj\Debug\__library_projects__\Xamarin.Android.Support.v7.Palette\library_project_imports\bin\classes.jar obj\Debug\__library_projects__\Xamarin.Android.Support.v7.RecyclerView\library_project_imports\bin\classes.jar obj\Debug\__library_projects__\Xamarin.Android.Support.Vector.Drawable\library_project_imports\bin\clas
java_class_path (initial): C:\Program Files (x86)\Android\android-sdk\build-tools\25.0.3\\lib\dx.jar
Launcher Type: SUN_STANDARD

Environment Variables:
PATH=C:\Program Files\Java\jdk1.8.0_131\bin;C:\Program Files\Microsoft MPI\Bin\;C:\Program Files (x86)\Intel\iCLS Client\;C:\ProgramData\Oracle\Java\javapath;C:\Program Files\Intel\iCLS Client\;C:\WINDOWS\system32;C:\WINDOWS;C:\WINDOWS\System32\Wbem;C:\WINDOWS\System32\WindowsPowerShell\v1.0\;C:\Program Files\dotnet\;C:\Program Files\Git\cmd;C:\Program Files (x86)\Intel\Intel(R) Management Engine Components\DAL;C:\Program Files\Intel\Intel(R) Management Engine Components\DAL;C:\Program Files (x86)\Intel\Intel(R) Management Engine Components\IPT;C:\Program Files\Intel\Intel(R) Management Engine Components\IPT;C:\Program Files\Microsoft SQL Server\120\Tools\Binn\;C:\Program Files\Microsoft SQL Server\Client SDK\ODBC\110\Tools\Binn\;C:\Program Files (x86)\Microsoft SQL Server\120\Tools\Binn\;C:\Program Files\Microsoft SQL Server\120\DTS\Binn\;C:\Program Files (x86)\Microsoft SQL Server\120\Tools\Binn\ManagementStudio\;C:\Program Files (x86)\Microsoft SQL Server\120\DTS\Binn\;C:\Users\tuyen\AppData\Local\Microsoft\WindowsApps;;C:\Program Files\Microsoft VS Code\bin
USERNAME=tuyen
OS=Windows_NT
PROCESSOR_IDENTIFIER=Intel64 Family 6 Model 94 Stepping 3, GenuineIntel



---------------  S Y S T E M  ---------------

OS: Windows 10.0 , 64 bit Build 16299 (10.0.16299.15)

CPU:total 4 (initial active 4) (2 cores per cpu, 2 threads per core) family 6 model 94 stepping 3, cmov, cx8, fxsr, mmx, sse, sse2, sse3, ssse3, sse4.1, sse4.2, popcnt, avx, avx2, aes, clmul, erms, 3dnowpref, lzcnt, ht, tsc, tscinvbit, bmi1, bmi2, adx

Memory: 4k page, physical 4087000k(375628k free), swap 8281304k(4236k free)

vm_info: Java HotSpot(TM) 64-Bit Server VM (25.131-b11) for windows-amd64 JRE (1.8.0_131-b11), built on Mar 15 2017 01:23:53 by "java_re" with MS VC++ 10.0 (VS2010)

time: Wed Jan 24 17:05:41 2018
elapsed time: 17 seconds (0d 0h 0m 17s)

