#
# There is insufficient memory for the Java Runtime Environment to continue.
# Native memory allocation (malloc) failed to allocate 688336 bytes for Chunk::new
# Possible reasons:
#   The system is out of physical RAM or swap space
#   In 32 bit mode, the process size limit was hit
# Possible solutions:
#   Reduce memory load on the system
#   Increase physical memory or swap space
#   Check if swap backing store is full
#   Use 64 bit Java on a 64 bit OS
#   Decrease Java heap size (-Xmx/-Xms)
#   Decrease number of Java threads
#   Decrease Java thread stack sizes (-Xss)
#   Set larger code cache with -XX:ReservedCodeCacheSize=
# This output file may be truncated or incomplete.
#
#  Out of Memory Error (allocation.cpp:390), pid=3632, tid=0x0000000000000140
#
# JRE version: Java(TM) SE Runtime Environment (8.0_131-b11) (build 1.8.0_131-b11)
# Java VM: Java HotSpot(TM) 64-Bit Server VM (25.131-b11 mixed mode windows-amd64 compressed oops)
# Failed to write core dump. Minidumps are not enabled by default on client versions of Windows
#

---------------  T H R E A D  ---------------

Current thread (0x0000000017254000):  JavaThread "C2 CompilerThread0" daemon [_thread_in_native, id=320, stack(0x00000000187e0000,0x00000000188e0000)]

Stack: [0x00000000187e0000,0x00000000188e0000]
[error occurred during error reporting (printing stack bounds), id 0xc0000005]

Native frames: (J=compiled Java code, j=interpreted, Vv=VM code, C=native code)


Current CompileTask:
C2:  14040 2578       4       com.android.dx.cf.code.Ropper::addSetupBlocks (535 bytes)


---------------  P R O C E S S  ---------------

Java Threads: ( => current thread )
  0x0000000018d72000 JavaThread "pool-2-thread-1" [_thread_blocked, id=2424, stack(0x00000000191e0000,0x00000000192e0000)]
  0x0000000018d66800 JavaThread "pool-1-thread-1" [_thread_in_Java, id=5192, stack(0x00000000190e0000,0x00000000191e0000)]
  0x0000000018b57800 JavaThread "Service Thread" daemon [_thread_blocked, id=10392, stack(0x0000000018ee0000,0x0000000018fe0000)]
  0x000000001725c000 JavaThread "C1 CompilerThread2" daemon [_thread_blocked, id=6024, stack(0x00000000189e0000,0x0000000018ae0000)]
  0x0000000017259000 JavaThread "C2 CompilerThread1" daemon [_thread_in_native, id=912, stack(0x00000000188e0000,0x00000000189e0000)]
=>0x0000000017254000 JavaThread "C2 CompilerThread0" daemon [_thread_in_native, id=320, stack(0x00000000187e0000,0x00000000188e0000)]
  0x000000001720f000 JavaThread "Attach Listener" daemon [_thread_blocked, id=3016, stack(0x00000000186e0000,0x00000000187e0000)]
  0x0000000017253800 JavaThread "Signal Dispatcher" daemon [_thread_blocked, id=1640, stack(0x00000000185e0000,0x00000000186e0000)]
  0x00000000171e8800 JavaThread "Finalizer" daemon [_thread_blocked, id=4292, stack(0x0000000018450000,0x0000000018550000)]
  0x0000000004c13000 JavaThread "Reference Handler" daemon [_thread_blocked, id=9804, stack(0x0000000018350000,0x0000000018450000)]
  0x00000000046ce800 JavaThread "main" [_thread_in_Java, id=9724, stack(0x0000000004a20000,0x0000000004b20000)]

Other Threads:
  0x00000000171c6800 VMThread [stack: 0x0000000018250000,0x0000000018350000] [id=1456]
  0x0000000018af3000 WatcherThread [stack: 0x0000000018fe0000,0x00000000190e0000] [id=280]

VM state:not at safepoint (normal execution)

VM Mutex/Monitor currently owned by a thread: None

Heap:
 PSYoungGen      total 269824K, used 78394K [0x00000000eb380000, 0x0000000100000000, 0x0000000100000000)
  eden space 199168K, 26% used [0x00000000eb380000,0x00000000ee6f0b50,0x00000000f7600000)
  from space 70656K, 36% used [0x00000000f7600000,0x00000000f8f1df80,0x00000000fbb00000)
  to   space 67584K, 0% used [0x00000000fbe00000,0x00000000fbe00000,0x0000000100000000)
 ParOldGen       total 297472K, used 188380K [0x00000000c1a00000, 0x00000000d3c80000, 0x00000000eb380000)
  object space 297472K, 63% used [0x00000000c1a00000,0x00000000cd1f7320,0x00000000d3c80000)
 Metaspace       used 6782K, capacity 7352K, committed 7680K, reserved 1056768K
  class space    used 648K, capacity 688K, committed 768K, reserved 1048576K

Card table byte_map: [0x0000000013fe0000,0x00000000141e0000] byte_map_base: 0x00000000139d3000

Marking Bits: (ParMarkBitMap*) 0x000000006f37c720
 Begin Bits: [0x0000000014730000, 0x00000000156c8000)
 End Bits:   [0x00000000156c8000, 0x0000000016660000)

Polling page: 0x0000000002900000

CodeCache: size=245760Kb used=13023Kb max_used=13034Kb free=232736Kb
 bounds [0x0000000004c20000, 0x0000000005900000, 0x0000000013c20000]
 total_blobs=2757 nmethods=2484 adapters=185
 compilation: enabled

Compilation events (10 events):
Event: 14.014 Thread 0x000000001725c000 2604       2       com.android.dx.cf.code.Simulator$SimVisitor::visitSwitch (54 bytes)
Event: 14.015 Thread 0x000000001725c000 nmethod 2604 0x0000000004e28fd0 code [0x0000000004e29160, 0x0000000004e294c8]
Event: 14.015 Thread 0x000000001725c000 2605       2       com.android.dx.cf.code.BaseMachine::auxSwitchArg (20 bytes)
Event: 14.015 Thread 0x000000001725c000 nmethod 2605 0x0000000004de2810 code [0x0000000004de2980, 0x0000000004de2b88]
Event: 14.015 Thread 0x000000001725c000 2606       2       com.android.dx.rop.code.Insn$BaseVisitor::visitSwitchInsn (1 bytes)
Event: 14.015 Thread 0x000000001725c000 nmethod 2606 0x0000000004e0c2d0 code [0x0000000004e0c420, 0x0000000004e0c570]
Event: 14.018 Thread 0x0000000017259000 nmethod 2602% 0x0000000004d21e10 code [0x0000000004d220e0, 0x0000000004d22638]
Event: 14.018 Thread 0x0000000017259000 2601 %     4       com.android.dx.cf.cst.ConstantPoolParser::parse @ 96 (365 bytes)
Event: 14.021 Thread 0x0000000017259000 nmethod 2601% 0x00000000058ddc10 code [0x00000000058ddd60, 0x00000000058ddf48]
Event: 14.021 Thread 0x0000000017259000 2607   !   4       com.android.dx.cf.code.BytecodeArray::parseInstruction (2764 bytes)

GC Heap History (10 events):
Event: 7.717 GC heap before
{Heap before GC invocations=12 (full 2):
 PSYoungGen      total 249344K, used 26095K [0x00000000eb380000, 0x0000000100000000, 0x0000000100000000)
  eden space 223232K, 0% used [0x00000000eb380000,0x00000000eb380000,0x00000000f8d80000)
  from space 26112K, 99% used [0x00000000fc400000,0x00000000fdd7bed0,0x00000000fdd80000)
  to   space 55808K, 0% used [0x00000000f8d80000,0x00000000f8d80000,0x00000000fc400000)
 ParOldGen       total 99328K, used 99011K [0x00000000c1a00000, 0x00000000c7b00000, 0x00000000eb380000)
  object space 99328K, 99% used [0x00000000c1a00000,0x00000000c7ab0db8,0x00000000c7b00000)
 Metaspace       used 6752K, capacity 7288K, committed 7424K, reserved 1056768K
  class space    used 646K, capacity 688K, committed 768K, reserved 1048576K
Event: 8.492 GC heap after
Heap after GC invocations=12 (full 2):
 PSYoungGen      total 249344K, used 21429K [0x00000000eb380000, 0x0000000100000000, 0x0000000100000000)
  eden space 223232K, 0% used [0x00000000eb380000,0x00000000eb380000,0x00000000f8d80000)
  from space 26112K, 82% used [0x00000000fc400000,0x00000000fd8ed4b0,0x00000000fdd80000)
  to   space 55808K, 0% used [0x00000000f8d80000,0x00000000f8d80000,0x00000000fc400000)
 ParOldGen       total 173056K, used 99281K [0x00000000c1a00000, 0x00000000cc300000, 0x00000000eb380000)
  object space 173056K, 57% used [0x00000000c1a00000,0x00000000c7af4780,0x00000000cc300000)
 Metaspace       used 6752K, capacity 7288K, committed 7424K, reserved 1056768K
  class space    used 646K, capacity 688K, committed 768K, reserved 1048576K
}
Event: 9.888 GC heap before
{Heap before GC invocations=13 (full 2):
 PSYoungGen      total 249344K, used 244661K [0x00000000eb380000, 0x0000000100000000, 0x0000000100000000)
  eden space 223232K, 100% used [0x00000000eb380000,0x00000000f8d80000,0x00000000f8d80000)
  from space 26112K, 82% used [0x00000000fc400000,0x00000000fd8ed4b0,0x00000000fdd80000)
  to   space 55808K, 0% used [0x00000000f8d80000,0x00000000f8d80000,0x00000000fc400000)
 ParOldGen       total 173056K, used 99281K [0x00000000c1a00000, 0x00000000cc300000, 0x00000000eb380000)
  object space 173056K, 57% used [0x00000000c1a00000,0x00000000c7af4780,0x00000000cc300000)
 Metaspace       used 6761K, capacity 7352K, committed 7680K, reserved 1056768K
  class space    used 647K, capacity 688K, committed 768K, reserved 1048576K
Event: 9.978 GC heap after
Heap after GC invocations=13 (full 2):
 PSYoungGen      total 279040K, used 35104K [0x00000000eb380000, 0x0000000100000000, 0x0000000100000000)
  eden space 223232K, 0% used [0x00000000eb380000,0x00000000eb380000,0x00000000f8d80000)
  from space 55808K, 62% used [0x00000000f8d80000,0x00000000fafc82a0,0x00000000fc400000)
  to   space 57344K, 0% used [0x00000000fc800000,0x00000000fc800000,0x0000000100000000)
 ParOldGen       total 173056K, used 120927K [0x00000000c1a00000, 0x00000000cc300000, 0x00000000eb380000)
  object space 173056K, 69% used [0x00000000c1a00000,0x00000000c9017d38,0x00000000cc300000)
 Metaspace       used 6761K, capacity 7352K, committed 7680K, reserved 1056768K
  class space    used 647K, capacity 688K, committed 768K, reserved 1048576K
}
Event: 11.118 GC heap before
{Heap before GC invocations=14 (full 2):
 PSYoungGen      total 279040K, used 258336K [0x00000000eb380000, 0x0000000100000000, 0x0000000100000000)
  eden space 223232K, 100% used [0x00000000eb380000,0x00000000f8d80000,0x00000000f8d80000)
  from space 55808K, 62% used [0x00000000f8d80000,0x00000000fafc82a0,0x00000000fc400000)
  to   space 57344K, 0% used [0x00000000fc800000,0x00000000fc800000,0x0000000100000000)
 ParOldGen       total 173056K, used 120927K [0x00000000c1a00000, 0x00000000cc300000, 0x00000000eb380000)
  object space 173056K, 69% used [0x00000000c1a00000,0x00000000c9017d38,0x00000000cc300000)
 Metaspace       used 6775K, capacity 7352K, committed 7680K, reserved 1056768K
  class space    used 647K, capacity 688K, committed 768K, reserved 1048576K
Event: 11.209 GC heap after
Heap after GC invocations=14 (full 2):
 PSYoungGen      total 256512K, used 57327K [0x00000000eb380000, 0x0000000100000000, 0x0000000100000000)
  eden space 199168K, 0% used [0x00000000eb380000,0x00000000eb380000,0x00000000f7600000)
  from space 57344K, 99% used [0x00000000fc800000,0x00000000ffffbd68,0x0000000100000000)
  to   space 70656K, 0% used [0x00000000f7600000,0x00000000f7600000,0x00000000fbb00000)
 ParOldGen       total 173056K, used 131007K [0x00000000c1a00000, 0x00000000cc300000, 0x00000000eb380000)
  object space 173056K, 75% used [0x00000000c1a00000,0x00000000c99efca0,0x00000000cc300000)
 Metaspace       used 6775K, capacity 7352K, committed 7680K, reserved 1056768K
  class space    used 647K, capacity 688K, committed 768K, reserved 1048576K
}
Event: 12.030 GC heap before
{Heap before GC invocations=15 (full 2):
 PSYoungGen      total 256512K, used 256495K [0x00000000eb380000, 0x0000000100000000, 0x0000000100000000)
  eden space 199168K, 100% used [0x00000000eb380000,0x00000000f7600000,0x00000000f7600000)
  from space 57344K, 99% used [0x00000000fc800000,0x00000000ffffbd68,0x0000000100000000)
  to   space 70656K, 0% used [0x00000000f7600000,0x00000000f7600000,0x00000000fbb00000)
 ParOldGen       total 173056K, used 131007K [0x00000000c1a00000, 0x00000000cc300000, 0x00000000eb380000)
  object space 173056K, 75% used [0x00000000c1a00000,0x00000000c99efca0,0x00000000cc300000)
 Metaspace       used 6780K, capacity 7352K, committed 7680K, reserved 1056768K
  class space    used 648K, capacity 688K, committed 768K, reserved 1048576K
Event: 12.202 GC heap after
Heap after GC invocations=15 (full 2):
 PSYoungGen      total 269824K, used 30059K [0x00000000eb380000, 0x0000000100000000, 0x0000000100000000)
  eden space 199168K, 0% used [0x00000000eb380000,0x00000000eb380000,0x00000000f7600000)
  from space 70656K, 42% used [0x00000000f7600000,0x00000000f935ae18,0x00000000fbb00000)
  to   space 67584K, 0% used [0x00000000fbe00000,0x00000000fbe00000,0x0000000100000000)
 ParOldGen       total 188416K, used 188284K [0x00000000c1a00000, 0x00000000cd200000, 0x00000000eb380000)
  object space 188416K, 99% used [0x00000000c1a00000,0x00000000cd1df220,0x00000000cd200000)
 Metaspace       used 6780K, capacity 7352K, committed 7680K, reserved 1056768K
  class space    used 648K, capacity 688K, committed 768K, reserved 1048576K
}
Event: 12.202 GC heap before
{Heap before GC invocations=16 (full 3):
 PSYoungGen      total 269824K, used 30059K [0x00000000eb380000, 0x0000000100000000, 0x0000000100000000)
  eden space 199168K, 0% used [0x00000000eb380000,0x00000000eb380000,0x00000000f7600000)
  from space 70656K, 42% used [0x00000000f7600000,0x00000000f935ae18,0x00000000fbb00000)
  to   space 67584K, 0% used [0x00000000fbe00000,0x00000000fbe00000,0x0000000100000000)
 ParOldGen       total 188416K, used 188284K [0x00000000c1a00000, 0x00000000cd200000, 0x00000000eb380000)
  object space 188416K, 99% used [0x00000000c1a00000,0x00000000cd1df220,0x00000000cd200000)
 Metaspace       used 6780K, capacity 7352K, committed 7680K, reserved 1056768K
  class space    used 648K, capacity 688K, committed 768K, reserved 1048576K
Event: 13.711 GC heap after
Heap after GC invocations=16 (full 3):
 PSYoungGen      total 269824K, used 25719K [0x00000000eb380000, 0x0000000100000000, 0x0000000100000000)
  eden space 199168K, 0% used [0x00000000eb380000,0x00000000eb380000,0x00000000f7600000)
  from space 70656K, 36% used [0x00000000f7600000,0x00000000f8f1df80,0x00000000fbb00000)
  to   space 67584K, 0% used [0x00000000fbe00000,0x00000000fbe00000,0x0000000100000000)
 ParOldGen       total 297472K, used 188380K [0x00000000c1a00000, 0x00000000d3c80000, 0x00000000eb380000)
  object space 297472K, 63% used [0x00000000c1a00000,0x00000000cd1f7320,0x00000000d3c80000)
 Metaspace       used 6780K, capacity 7352K, committed 7680K, reserved 1056768K
  class space    used 648K, capacity 688K, committed 768K, reserved 1048576K
}

Deoptimization events (10 events):
Event: 5.179 Thread 0x00000000046ce800 Uncommon trap: reason=class_check action=maybe_recompile pc=0x0000000005586e70 method=com.android.dx.cf.code.RopperMachine.run(Lcom/android/dx/cf/code/Frame;II)V @ 1024
Event: 5.179 Thread 0x00000000046ce800 Uncommon trap: reason=class_check action=maybe_recompile pc=0x0000000005586e70 method=com.android.dx.cf.code.RopperMachine.run(Lcom/android/dx/cf/code/Frame;II)V @ 1024
Event: 5.179 Thread 0x00000000046ce800 Uncommon trap: reason=class_check action=maybe_recompile pc=0x0000000005586e70 method=com.android.dx.cf.code.RopperMachine.run(Lcom/android/dx/cf/code/Frame;II)V @ 1024
Event: 6.069 Thread 0x00000000046ce800 Uncommon trap: reason=unstable_if action=reinterpret pc=0x00000000055e6428 method=com.android.dx.ssa.NormalSsaInsn.getLocalAssignment()Lcom/android/dx/rop/code/RegisterSpec; @ 12
Event: 6.069 Thread 0x00000000046ce800 Uncommon trap: reason=unstable_if action=reinterpret pc=0x0000000004f660a8 method=com.android.dx.ssa.NormalSsaInsn.getLocalAssignment()Lcom/android/dx/rop/code/RegisterSpec; @ 12
Event: 7.108 Thread 0x00000000046ce800 Uncommon trap: reason=null_check action=make_not_entrant pc=0x0000000005674a48 method=com.android.dx.cf.code.Ropper$CatchInfo.getSetup(Lcom/android/dx/rop/type/Type;)Lcom/android/dx/cf/code/Ropper$ExceptionHandlerSetup; @ 10
Event: 7.211 Thread 0x00000000046ce800 Uncommon trap: reason=speculate_class_check action=maybe_recompile pc=0x00000000053912dc method=com.android.dx.ssa.SsaInsn.mapRegisters(Lcom/android/dx/ssa/RegisterMapper;)V @ 31
Event: 10.938 Thread 0x0000000018d66800 Uncommon trap: reason=class_check action=maybe_recompile pc=0x00000000057aa184 method=com.android.dx.ssa.SCCP.replaceConstants()V @ 182
Event: 10.942 Thread 0x0000000018d66800 Uncommon trap: reason=class_check action=maybe_recompile pc=0x00000000057aa184 method=com.android.dx.ssa.SCCP.replaceConstants()V @ 182
Event: 11.371 Thread 0x00000000046ce800 Uncommon trap: reason=class_check action=maybe_recompile pc=0x00000000055161f8 method=com.android.dx.ssa.SCCP.simulateBranch(Lcom/android/dx/ssa/SsaInsn;)V @ 145

Internal exceptions (7 events):
Event: 0.027 Thread 0x00000000046ce800 Exception <a 'java/lang/NoSuchMethodError': Method sun.misc.Unsafe.defineClass(Ljava/lang/String;[BII)Ljava/lang/Class; name or signature does not match> (0x00000000eb387ca8) thrown at [C:\re\workspace\8-2-build-windows-amd64-cygwin\jdk8u131\8869\hotspot\
Event: 0.027 Thread 0x00000000046ce800 Exception <a 'java/lang/NoSuchMethodError': Method sun.misc.Unsafe.prefetchRead(Ljava/lang/Object;J)V name or signature does not match> (0x00000000eb387f90) thrown at [C:\re\workspace\8-2-build-windows-amd64-cygwin\jdk8u131\8869\hotspot\src\share\vm\prims
Event: 1.523 Thread 0x00000000046ce800 Implicit null exception at 0x0000000004f38062 to 0x0000000004f3815a
Event: 3.906 Thread 0x00000000046ce800 Exception <a 'java/lang/ArrayIndexOutOfBoundsException': 18> (0x00000000ec721ab8) thrown at [C:\re\workspace\8-2-build-windows-amd64-cygwin\jdk8u131\8869\hotspot\src\share\vm\interpreter\interpreterRuntime.cpp, line 366]
Event: 3.907 Thread 0x00000000046ce800 Exception <a 'java/lang/ArrayIndexOutOfBoundsException': 145> (0x00000000ec723638) thrown at [C:\re\workspace\8-2-build-windows-amd64-cygwin\jdk8u131\8869\hotspot\src\share\vm\interpreter\interpreterRuntime.cpp, line 366]
Event: 3.909 Thread 0x00000000046ce800 Exception <a 'java/lang/ArrayIndexOutOfBoundsException'> (0x00000000ec724920) thrown at [C:\re\workspace\8-2-build-windows-amd64-cygwin\jdk8u131\8869\hotspot\src\share\vm\runtime\sharedRuntime.cpp, line 605]
Event: 7.108 Thread 0x00000000046ce800 Implicit null exception at 0x000000000566bf24 to 0x0000000005674a09

Events (10 events):
Event: 13.723 Thread 0x0000000017254000 flushing nmethod 0x0000000004e03610
Event: 13.723 Thread 0x0000000017254000 flushing nmethod 0x0000000004e04550
Event: 13.723 Thread 0x0000000017254000 flushing nmethod 0x0000000004e0bf10
Event: 13.724 Thread 0x0000000017254000 flushing nmethod 0x0000000004e13810
Event: 13.724 Thread 0x0000000017254000 flushing nmethod 0x0000000004e1ce50
Event: 13.724 Thread 0x0000000017254000 flushing nmethod 0x0000000004e1d5d0
Event: 13.760 Thread 0x0000000017254000 flushing nmethod 0x0000000004e266d0
Event: 13.760 Thread 0x0000000017254000 flushing nmethod 0x0000000004e28fd0
Event: 13.760 Thread 0x0000000017254000 flushing nmethod 0x0000000004e29350
Event: 13.760 Thread 0x0000000017254000 flushing nmethod 0x0000000004e45190


Dynamic libraries:
0x00007ff63c3c0000 - 0x00007ff63c3f7000 	C:\Program Files\Java\jdk1.8.0_131\bin\java.exe
0x00007ffdb5fc0000 - 0x00007ffdb61a0000 	C:\WINDOWS\SYSTEM32\ntdll.dll
0x00007ffdb37d0000 - 0x00007ffdb387e000 	C:\WINDOWS\System32\KERNEL32.DLL
0x00007ffdb31c0000 - 0x00007ffdb3426000 	C:\WINDOWS\System32\KERNELBASE.dll
0x00007ffdb3f10000 - 0x00007ffdb3fb1000 	C:\WINDOWS\System32\ADVAPI32.dll
0x00007ffdb5e10000 - 0x00007ffdb5ead000 	C:\WINDOWS\System32\msvcrt.dll
0x00007ffdb5db0000 - 0x00007ffdb5e0b000 	C:\WINDOWS\System32\sechost.dll
0x00007ffdb45e0000 - 0x00007ffdb46ff000 	C:\WINDOWS\System32\RPCRT4.dll
0x00007ffdb3d80000 - 0x00007ffdb3f0f000 	C:\WINDOWS\System32\USER32.dll
0x00007ffdb23c0000 - 0x00007ffdb23e0000 	C:\WINDOWS\System32\win32u.dll
0x00007ffdb37a0000 - 0x00007ffdb37c8000 	C:\WINDOWS\System32\GDI32.dll
0x00007ffdb2ea0000 - 0x00007ffdb3033000 	C:\WINDOWS\System32\gdi32full.dll
0x00007ffdb2e00000 - 0x00007ffdb2e9b000 	C:\WINDOWS\System32\msvcp_win.dll
0x00007ffdb3040000 - 0x00007ffdb3136000 	C:\WINDOWS\System32\ucrtbase.dll
0x00007ffd9ad00000 - 0x00007ffd9af69000 	C:\WINDOWS\WinSxS\amd64_microsoft.windows.common-controls_6595b64144ccf1df_6.0.16299.192_none_15c8cdae9364c23b\COMCTL32.dll
0x00007ffdb3490000 - 0x00007ffdb3798000 	C:\WINDOWS\System32\combase.dll
0x00007ffdb3140000 - 0x00007ffdb31b2000 	C:\WINDOWS\System32\bcryptPrimitives.dll
0x00007ffdb42e0000 - 0x00007ffdb430d000 	C:\WINDOWS\System32\IMM32.DLL
0x000000006f400000 - 0x000000006f4d2000 	C:\Program Files\Java\jdk1.8.0_131\jre\bin\msvcr100.dll
0x000000006eb60000 - 0x000000006f3fc000 	C:\Program Files\Java\jdk1.8.0_131\jre\bin\server\jvm.dll
0x00007ffdb45d0000 - 0x00007ffdb45d8000 	C:\WINDOWS\System32\PSAPI.DLL
0x00007ffda02a0000 - 0x00007ffda02a9000 	C:\WINDOWS\SYSTEM32\WSOCK32.dll
0x00007ffdb0330000 - 0x00007ffdb0353000 	C:\WINDOWS\SYSTEM32\WINMM.dll
0x00007ffdaab30000 - 0x00007ffdaab3a000 	C:\WINDOWS\SYSTEM32\VERSION.dll
0x00007ffdb43b0000 - 0x00007ffdb441c000 	C:\WINDOWS\System32\WS2_32.dll
0x00007ffdb0300000 - 0x00007ffdb032a000 	C:\WINDOWS\SYSTEM32\WINMMBASE.dll
0x00007ffdb2db0000 - 0x00007ffdb2dfa000 	C:\WINDOWS\System32\cfgmgr32.dll
0x000000006eb50000 - 0x000000006eb5f000 	C:\Program Files\Java\jdk1.8.0_131\jre\bin\verify.dll
0x000000006eb20000 - 0x000000006eb49000 	C:\Program Files\Java\jdk1.8.0_131\jre\bin\java.dll
0x000000006eb00000 - 0x000000006eb16000 	C:\Program Files\Java\jdk1.8.0_131\jre\bin\zip.dll
0x00007ffdb48f0000 - 0x00007ffdb5d26000 	C:\WINDOWS\System32\SHELL32.dll
0x00007ffdb3cd0000 - 0x00007ffdb3d76000 	C:\WINDOWS\System32\shcore.dll
0x00007ffdb2660000 - 0x00007ffdb2da7000 	C:\WINDOWS\System32\windows.storage.dll
0x00007ffdb4760000 - 0x00007ffdb47b1000 	C:\WINDOWS\System32\shlwapi.dll
0x00007ffdb2380000 - 0x00007ffdb2391000 	C:\WINDOWS\System32\kernel.appcore.dll
0x00007ffdb2330000 - 0x00007ffdb237c000 	C:\WINDOWS\System32\powrprof.dll
0x00007ffdb2310000 - 0x00007ffdb232b000 	C:\WINDOWS\System32\profapi.dll

VM Arguments:
java_command: C:\Program Files (x86)\Android\android-sdk\build-tools\25.0.3\\lib\dx.jar --no-strict --dex --output=obj\Debug\android\bin obj\Debug\android\bin\classes C:\Program Files (x86)\Microsoft Visual Studio\2017\Community\Common7\IDE\ReferenceAssemblies\Microsoft\Framework\MonoAndroid\v8.0\mono.android.jar obj\Debug\__library_projects__\FormsViewGroup\library_project_imports\formsviewgroup.jar obj\Debug\__library_projects__\Xamarin.Android.Arch.Core.Common\library_project_imports\arch-core-common.jar obj\Debug\__library_projects__\Xamarin.Android.Arch.Lifecycle.Common\library_project_imports\arch-lifecycle-common.jar obj\Debug\__library_projects__\Xamarin.Android.Arch.Lifecycle.Runtime\library_project_imports\bin\classes.jar obj\Debug\__library_projects__\Xamarin.Android.Support.Animated.Vector.Drawable\library_project_imports\bin\classes.jar obj\Debug\__library_projects__\Xamarin.Android.Support.Compat\library_project_imports\bin\classes.jar obj\Debug\__library_projects__\Xamarin.Android.Support.Core.UI\library_project_imports\bin\classes.jar obj\Debug\__library_projects__\Xamarin.Android.Support.Core.Utils\library_project_imports\bin\classes.jar obj\Debug\__library_projects__\Xamarin.Android.Support.Design\library_project_imports\bin\classes.jar obj\Debug\__library_projects__\Xamarin.Android.Support.Fragment\library_project_imports\bin\classes.jar obj\Debug\__library_projects__\Xamarin.Android.Support.Media.Compat\library_project_imports\bin\classes.jar obj\Debug\__library_projects__\Xamarin.Android.Support.Transition\library_project_imports\bin\classes.jar obj\Debug\__library_projects__\Xamarin.Android.Support.v4\library_project_imports\bin\classes.jar obj\Debug\__library_projects__\Xamarin.Android.Support.v7.AppCompat\library_project_imports\bin\classes.jar obj\Debug\__library_projects__\Xamarin.Android.Support.v7.CardView\library_project_imports\bin\classes.jar obj\Debug\__library_projects__\Xamarin.Android.Support.v7.MediaRouter\library_project_import
java_class_path (initial): C:\Program Files (x86)\Android\android-sdk\build-tools\25.0.3\\lib\dx.jar
Launcher Type: SUN_STANDARD

Environment Variables:
PATH=C:\Program Files\Java\jdk1.8.0_131\bin;C:\Program Files\Microsoft MPI\Bin\;C:\Program Files (x86)\Intel\iCLS Client\;C:\ProgramData\Oracle\Java\javapath;C:\Program Files\Intel\iCLS Client\;C:\WINDOWS\system32;C:\WINDOWS;C:\WINDOWS\System32\Wbem;C:\WINDOWS\System32\WindowsPowerShell\v1.0\;C:\Program Files\dotnet\;C:\Program Files\Git\cmd;C:\Program Files (x86)\Intel\Intel(R) Management Engine Components\DAL;C:\Program Files\Intel\Intel(R) Management Engine Components\DAL;C:\Program Files (x86)\Intel\Intel(R) Management Engine Components\IPT;C:\Program Files\Intel\Intel(R) Management Engine Components\IPT;C:\Program Files\Microsoft SQL Server\120\Tools\Binn\;C:\Program Files\Microsoft SQL Server\Client SDK\ODBC\110\Tools\Binn\;C:\Program Files (x86)\Microsoft SQL Server\120\Tools\Binn\;C:\Program Files\Microsoft SQL Server\120\DTS\Binn\;C:\Program Files (x86)\Microsoft SQL Server\120\Tools\Binn\ManagementStudio\;C:\Program Files (x86)\Microsoft SQL Server\120\DTS\Binn\;C:\Users\tuyen\AppData\Local\Microsoft\WindowsApps;;C:\Program Files\Microsoft VS Code\bin
USERNAME=tuyen
OS=Windows_NT
PROCESSOR_IDENTIFIER=Intel64 Family 6 Model 94 Stepping 3, GenuineIntel



---------------  S Y S T E M  ---------------

OS: Windows 10.0 , 64 bit Build 16299 (10.0.16299.15)

CPU:total 4 (initial active 4) (2 cores per cpu, 2 threads per core) family 6 model 94 stepping 3, cmov, cx8, fxsr, mmx, sse, sse2, sse3, ssse3, sse4.1, sse4.2, popcnt, avx, avx2, aes, clmul, erms, 3dnowpref, lzcnt, ht, tsc, tscinvbit, bmi1, bmi2, adx

Memory: 4k page, physical 4087000k(284192k free), swap 8281304k(4128k free)

vm_info: Java HotSpot(TM) 64-Bit Server VM (25.131-b11) for windows-amd64 JRE (1.8.0_131-b11), built on Mar 15 2017 01:23:53 by "java_re" with MS VC++ 10.0 (VS2010)

time: Thu Jan 25 11:38:41 2018
elapsed time: 14 seconds (0d 0h 0m 14s)

