#
# There is insufficient memory for the Java Runtime Environment to continue.
# Native memory allocation (malloc) failed to allocate 1048576 bytes for AllocateHeap
# Possible reasons:
#   The system is out of physical RAM or swap space
#   In 32 bit mode, the process size limit was hit
# Possible solutions:
#   Reduce memory load on the system
#   Increase physical memory or swap space
#   Check if swap backing store is full
#   Use 64 bit Java on a 64 bit OS
#   Decrease Java heap size (-Xmx/-Xms)
#   Decrease number of Java threads
#   Decrease Java thread stack sizes (-Xss)
#   Set larger code cache with -XX:ReservedCodeCacheSize=
# This output file may be truncated or incomplete.
#
#  Out of Memory Error (memory/allocation.inline.hpp:61), pid=12876, tid=0x00000000000027bc
#
# JRE version:  (8.0_131-b11) (build )
# Java VM: Java HotSpot(TM) 64-Bit Server VM (25.131-b11 mixed mode windows-amd64 compressed oops)
# Failed to write core dump. Minidumps are not enabled by default on client versions of Windows
#

---------------  T H R E A D  ---------------

Current thread (0x00000000053b3800):  JavaThread "Unknown thread" [_thread_in_vm, id=10172, stack(0x00000000052a0000,0x00000000053a0000)]

Stack: [0x00000000052a0000,0x00000000053a0000]
[error occurred during error reporting (printing stack bounds), id 0xc0000005]

Native frames: (J=compiled Java code, j=interpreted, Vv=VM code, C=native code)


---------------  P R O C E S S  ---------------

Java Threads: ( => current thread )

Other Threads:

=>0x00000000053b3800 (exited) JavaThread "Unknown thread" [_thread_in_vm, id=10172, stack(0x00000000052a0000,0x00000000053a0000)]

VM state:not at safepoint (normal execution)

VM Mutex/Monitor currently owned by a thread: None

Heap:
 PSYoungGen      total 2048K, used 30K [0x00000000eb380000, 0x00000000eb600000, 0x0000000100000000)
  eden space 1536K, 2% used [0x00000000eb380000,0x00000000eb387af0,0x00000000eb500000)
  from space 512K, 0% used [0x00000000eb580000,0x00000000eb580000,0x00000000eb600000)
  to   space 512K, 0% used [0x00000000eb500000,0x00000000eb500000,0x00000000eb580000)
 ParOldGen       total 5632K, used 0K [0x00000000c1a00000, 0x00000000c1f80000, 0x00000000eb380000)
  object space 5632K, 0% used [0x00000000c1a00000,0x00000000c1a00000,0x00000000c1f80000)
 Metaspace       used 770K, capacity 4480K, committed 4480K, reserved 1056768K
  class space    used 75K, capacity 384K, committed 384K, reserved 1048576K

Card table byte_map: [0x0000000014870000,0x0000000014a70000] byte_map_base: 0x0000000014263000

Marking Bits: (ParMarkBitMap*) 0x000000006f37c720
 Begin Bits: [0x0000000014fc0000, 0x0000000015f58000)
 End Bits:   [0x0000000015f58000, 0x0000000016ef0000)

Polling page: 0x0000000004ed0000

CodeCache: size=245760Kb used=328Kb max_used=328Kb free=245431Kb
 bounds [0x00000000054b0000, 0x0000000005720000, 0x00000000144b0000]
 total_blobs=58 nmethods=0 adapters=38
 compilation: enabled

Compilation events (0 events):
No events

GC Heap History (0 events):
No events

Deoptimization events (0 events):
No events

Internal exceptions (0 events):
No events

Events (10 events):
Event: 0.018 loading class java/lang/Short
Event: 0.019 loading class java/lang/Short done
Event: 0.019 loading class java/lang/Integer
Event: 0.019 loading class java/lang/Integer done
Event: 0.019 loading class java/lang/Long
Event: 0.019 loading class java/lang/Long done
Event: 0.019 loading class java/lang/NullPointerException
Event: 0.019 loading class java/lang/NullPointerException done
Event: 0.019 loading class java/lang/ArithmeticException
Event: 0.019 loading class java/lang/ArithmeticException done


Dynamic libraries:
0x00007ff79b100000 - 0x00007ff79b107000 	C:\Program Files\Java\jdk1.8.0_131\bin\javac.exe
0x00007ffdb5fc0000 - 0x00007ffdb61a0000 	C:\WINDOWS\SYSTEM32\ntdll.dll
0x00007ffdb37d0000 - 0x00007ffdb387e000 	C:\WINDOWS\System32\KERNEL32.DLL
0x00007ffdb31c0000 - 0x00007ffdb3426000 	C:\WINDOWS\System32\KERNELBASE.dll
0x000000006e850000 - 0x000000006e87f000 	C:\Program Files\Java\jdk1.8.0_131\bin\jli.dll
0x000000006e770000 - 0x000000006e842000 	C:\Program Files\Java\jdk1.8.0_131\bin\MSVCR100.dll
0x00007ffdb3f10000 - 0x00007ffdb3fb1000 	C:\WINDOWS\System32\ADVAPI32.dll
0x00007ffdb5e10000 - 0x00007ffdb5ead000 	C:\WINDOWS\System32\msvcrt.dll
0x00007ffdb5db0000 - 0x00007ffdb5e0b000 	C:\WINDOWS\System32\sechost.dll
0x00007ffdb45e0000 - 0x00007ffdb46ff000 	C:\WINDOWS\System32\RPCRT4.dll
0x00007ffdb3d80000 - 0x00007ffdb3f0f000 	C:\WINDOWS\System32\USER32.dll
0x00007ffdb23c0000 - 0x00007ffdb23e0000 	C:\WINDOWS\System32\win32u.dll
0x00007ffd9ad00000 - 0x00007ffd9af69000 	C:\WINDOWS\WinSxS\amd64_microsoft.windows.common-controls_6595b64144ccf1df_6.0.16299.192_none_15c8cdae9364c23b\COMCTL32.dll
0x00007ffdb37a0000 - 0x00007ffdb37c8000 	C:\WINDOWS\System32\GDI32.dll
0x00007ffdb2ea0000 - 0x00007ffdb3033000 	C:\WINDOWS\System32\gdi32full.dll
0x00007ffdb3490000 - 0x00007ffdb3798000 	C:\WINDOWS\System32\combase.dll
0x00007ffdb2e00000 - 0x00007ffdb2e9b000 	C:\WINDOWS\System32\msvcp_win.dll
0x00007ffdb3040000 - 0x00007ffdb3136000 	C:\WINDOWS\System32\ucrtbase.dll
0x00007ffdb3140000 - 0x00007ffdb31b2000 	C:\WINDOWS\System32\bcryptPrimitives.dll
0x00007ffdb42e0000 - 0x00007ffdb430d000 	C:\WINDOWS\System32\IMM32.DLL
0x000000006f400000 - 0x000000006f4d2000 	C:\Program Files\Java\jdk1.8.0_131\jre\bin\msvcr100.dll
0x000000006eb60000 - 0x000000006f3fc000 	C:\Program Files\Java\jdk1.8.0_131\jre\bin\server\jvm.dll
0x00007ffdb45d0000 - 0x00007ffdb45d8000 	C:\WINDOWS\System32\PSAPI.DLL
0x00007ffdaab30000 - 0x00007ffdaab3a000 	C:\WINDOWS\SYSTEM32\VERSION.dll
0x00007ffdb0330000 - 0x00007ffdb0353000 	C:\WINDOWS\SYSTEM32\WINMM.dll
0x00007ffda02a0000 - 0x00007ffda02a9000 	C:\WINDOWS\SYSTEM32\WSOCK32.dll
0x00007ffdb43b0000 - 0x00007ffdb441c000 	C:\WINDOWS\System32\WS2_32.dll
0x00007ffdb0300000 - 0x00007ffdb032a000 	C:\WINDOWS\SYSTEM32\WINMMBASE.dll
0x00007ffdb2db0000 - 0x00007ffdb2dfa000 	C:\WINDOWS\System32\cfgmgr32.dll
0x000000006eb50000 - 0x000000006eb5f000 	C:\Program Files\Java\jdk1.8.0_131\jre\bin\verify.dll
0x000000006eb20000 - 0x000000006eb49000 	C:\Program Files\Java\jdk1.8.0_131\jre\bin\java.dll
0x000000006eb00000 - 0x000000006eb16000 	C:\Program Files\Java\jdk1.8.0_131\jre\bin\zip.dll

VM Arguments:
jvm_args: -Dapplication.home=C:\Program Files\Java\jdk1.8.0_131 -Xms8m -Dfile.encoding=UTF8 
java_command: com.sun.tools.javac.Main -d obj\Debug\android\bin\classes -classpath C:\Program Files (x86)\Microsoft Visual Studio\2017\Community\Common7\IDE\ReferenceAssemblies\Microsoft\Framework\MonoAndroid\v8.0\mono.android.jar;obj\Debug\__library_projects__\FormsViewGroup\library_project_imports\formsviewgroup.jar;obj\Debug\__library_projects__\Xamarin.Android.Arch.Core.Common\library_project_imports\arch-core-common.jar;obj\Debug\__library_projects__\Xamarin.Android.Arch.Lifecycle.Common\library_project_imports\arch-lifecycle-common.jar;obj\Debug\__library_projects__\Xamarin.Android.Arch.Lifecycle.Runtime\library_project_imports\bin\classes.jar;obj\Debug\__library_projects__\Xamarin.Android.Support.Animated.Vector.Drawable\library_project_imports\bin\classes.jar;obj\Debug\__library_projects__\Xamarin.Android.Support.Compat\library_project_imports\bin\classes.jar;obj\Debug\__library_projects__\Xamarin.Android.Support.Core.UI\library_project_imports\bin\classes.jar;obj\Debug\__library_projects__\Xamarin.Android.Support.Core.Utils\library_project_imports\bin\classes.jar;obj\Debug\__library_projects__\Xamarin.Android.Support.Design\library_project_imports\bin\classes.jar;obj\Debug\__library_projects__\Xamarin.Android.Support.Fragment\library_project_imports\bin\classes.jar;obj\Debug\__library_projects__\Xamarin.Android.Support.Media.Compat\library_project_imports\bin\classes.jar;obj\Debug\__library_projects__\Xamarin.Android.Support.Transition\library_project_imports\bin\classes.jar;obj\Debug\__library_projects__\Xamarin.Android.Support.v4\library_project_imports\bin\classes.jar;obj\Debug\__library_projects__\Xamarin.Android.Support.v7.AppCompat\library_project_imports\bin\classes.jar;obj\Debug\__library_projects__\Xamarin.Android.Support.v7.CardView\library_project_imports\bin\classes.jar;obj\Debug\__library_projects__\Xamarin.Android.Support.v7.MediaRouter\library_project_imports\bin\classes.jar;obj\Debug\__library_projects__\Xamarin.Android.Support.v7.Palette\
java_class_path (initial): C:\Program Files\Java\jdk1.8.0_131/lib/tools.jar;C:\Program Files\Java\jdk1.8.0_131/classes
Launcher Type: SUN_STANDARD

Environment Variables:
PATH=C:\Program Files\Java\jdk1.8.0_131\bin;C:\Program Files\Microsoft MPI\Bin\;C:\Program Files (x86)\Intel\iCLS Client\;C:\ProgramData\Oracle\Java\javapath;C:\Program Files\Intel\iCLS Client\;C:\WINDOWS\system32;C:\WINDOWS;C:\WINDOWS\System32\Wbem;C:\WINDOWS\System32\WindowsPowerShell\v1.0\;C:\Program Files\dotnet\;C:\Program Files\Git\cmd;C:\Program Files (x86)\Intel\Intel(R) Management Engine Components\DAL;C:\Program Files\Intel\Intel(R) Management Engine Components\DAL;C:\Program Files (x86)\Intel\Intel(R) Management Engine Components\IPT;C:\Program Files\Intel\Intel(R) Management Engine Components\IPT;C:\Program Files\Microsoft SQL Server\120\Tools\Binn\;C:\Program Files\Microsoft SQL Server\Client SDK\ODBC\110\Tools\Binn\;C:\Program Files (x86)\Microsoft SQL Server\120\Tools\Binn\;C:\Program Files\Microsoft SQL Server\120\DTS\Binn\;C:\Program Files (x86)\Microsoft SQL Server\120\Tools\Binn\ManagementStudio\;C:\Program Files (x86)\Microsoft SQL Server\120\DTS\Binn\;C:\Users\tuyen\AppData\Local\Microsoft\WindowsApps;;C:\Program Files\Microsoft VS Code\bin;C:\Users\tuyen\source\repos\Poke\packages\Newtonsoft.Json.10.0.3\tools
USERNAME=tuyen
OS=Windows_NT
PROCESSOR_IDENTIFIER=Intel64 Family 6 Model 94 Stepping 3, GenuineIntel



---------------  S Y S T E M  ---------------

OS: Windows 10.0 , 64 bit Build 16299 (10.0.16299.15)

CPU:total 4 (initial active 4) (2 cores per cpu, 2 threads per core) family 6 model 94 stepping 3, cmov, cx8, fxsr, mmx, sse, sse2, sse3, ssse3, sse4.1, sse4.2, popcnt, avx, avx2, aes, clmul, erms, 3dnowpref, lzcnt, ht, tsc, tscinvbit, bmi1, bmi2, adx

Memory: 4k page, physical 4087000k(490904k free), swap 8281304k(6132k free)

vm_info: Java HotSpot(TM) 64-Bit Server VM (25.131-b11) for windows-amd64 JRE (1.8.0_131-b11), built on Mar 15 2017 01:23:53 by "java_re" with MS VC++ 10.0 (VS2010)

time: Thu Jan 25 15:52:06 2018
elapsed time: 0 seconds (0d 0h 0m 0s)

